{"/Users/danleech/Documents/projects/defra-map/src/js/components/attribution.jsx": {"path":"/Users/danleech/Documents/projects/defra-map/src/js/components/attribution.jsx","statementMap":{"0":{"start":{"line":7,"column":23},"end":{"line":7,"column":31}},"1":{"start":{"line":8,"column":22},"end":{"line":8,"column":35}},"2":{"start":{"line":10,"column":22},"end":{"line":10,"column":43}},"3":{"start":{"line":11,"column":24},"end":{"line":11,"column":60}},"4":{"start":{"line":12,"column":16},"end":{"line":12,"column":58}},"5":{"start":{"line":14,"column":2},"end":{"line":24,"column":3}}},"fnMap":{"0":{"name":"Attribution","decl":{"start":{"line":6,"column":24},"end":{"line":6,"column":35}},"loc":{"start":{"line":6,"column":39},"end":{"line":25,"column":1}},"line":6}},"branchMap":{"0":{"loc":{"start":{"line":16,"column":7},"end":{"line":22,"column":42}},"type":"cond-expr","locations":[{"start":{"line":18,"column":10},"end":{"line":20,"column":16}},{"start":{"line":22,"column":10},"end":{"line":22,"column":42}}],"line":16},"1":{"loc":{"start":{"line":19,"column":13},"end":{"line":19,"column":81}},"type":"cond-expr","locations":[{"start":{"line":19,"column":29},"end":{"line":19,"column":52}},{"start":{"line":19,"column":55},"end":{"line":19,"column":81}}],"line":19}},"s":{"0":2,"1":2,"2":2,"3":2,"4":2,"5":2},"f":{"0":2},"b":{"0":[2,0],"1":[1,1]},"_coverageSchema":"1a1c01bbd47fc00a2c39e90264f33305004495a9","hash":"779ae4ff4252fd65e81f0fb5475dd37221332594"}
,"/Users/danleech/Documents/projects/defra-map/src/js/components/draw-edit.jsx": {"path":"/Users/danleech/Documents/projects/defra-map/src/js/components/draw-edit.jsx","statementMap":{"0":{"start":{"line":5,"column":39},"end":{"line":5,"column":47}},"1":{"start":{"line":7,"column":27},"end":{"line":10,"column":3}},"2":{"start":{"line":8,"column":4},"end":{"line":8,"column":24}},"3":{"start":{"line":9,"column":4},"end":{"line":9,"column":62}},"4":{"start":{"line":12,"column":28},"end":{"line":15,"column":3}},"5":{"start":{"line":13,"column":4},"end":{"line":13,"column":25}},"6":{"start":{"line":14,"column":4},"end":{"line":14,"column":63}},"7":{"start":{"line":17,"column":2},"end":{"line":37,"column":3}}},"fnMap":{"0":{"name":"DrawEdit","decl":{"start":{"line":4,"column":24},"end":{"line":4,"column":32}},"loc":{"start":{"line":4,"column":36},"end":{"line":38,"column":1}},"line":4},"1":{"name":"(anonymous_1)","decl":{"start":{"line":7,"column":27},"end":{"line":7,"column":28}},"loc":{"start":{"line":7,"column":33},"end":{"line":10,"column":3}},"line":7},"2":{"name":"(anonymous_2)","decl":{"start":{"line":12,"column":28},"end":{"line":12,"column":29}},"loc":{"start":{"line":12,"column":34},"end":{"line":15,"column":3}},"line":12}},"branchMap":{"0":{"loc":{"start":{"line":19,"column":94},"end":{"line":19,"column":147}},"type":"cond-expr","locations":[{"start":{"line":19,"column":112},"end":{"line":19,"column":142}},{"start":{"line":19,"column":145},"end":{"line":19,"column":147}}],"line":19},"1":{"loc":{"start":{"line":29,"column":95},"end":{"line":29,"column":149}},"type":"cond-expr","locations":[{"start":{"line":29,"column":114},"end":{"line":29,"column":144}},{"start":{"line":29,"column":147},"end":{"line":29,"column":149}}],"line":29}},"s":{"0":2,"1":2,"2":1,"3":1,"4":2,"5":1,"6":1,"7":2},"f":{"0":2,"1":1,"2":1},"b":{"0":[1,1],"1":[1,1]},"_coverageSchema":"1a1c01bbd47fc00a2c39e90264f33305004495a9","hash":"2922a79de055991cd4a82688664d342f8af40645"}
,"/Users/danleech/Documents/projects/defra-map/src/js/components/draw-finish.jsx": {"path":"/Users/danleech/Documents/projects/defra-map/src/js/components/draw-finish.jsx","statementMap":{"0":{"start":{"line":8,"column":79},"end":{"line":8,"column":87}},"1":{"start":{"line":9,"column":28},"end":{"line":9,"column":41}},"2":{"start":{"line":11,"column":28},"end":{"line":16,"column":3}},"3":{"start":{"line":12,"column":21},"end":{"line":12,"column":43}},"4":{"start":{"line":13,"column":4},"end":{"line":13,"column":82}},"5":{"start":{"line":14,"column":4},"end":{"line":14,"column":116}},"6":{"start":{"line":15,"column":4},"end":{"line":15,"column":31}},"7":{"start":{"line":18,"column":28},"end":{"line":23,"column":3}},"8":{"start":{"line":19,"column":4},"end":{"line":19,"column":26}},"9":{"start":{"line":20,"column":4},"end":{"line":20,"column":65}},"10":{"start":{"line":21,"column":4},"end":{"line":21,"column":116}},"11":{"start":{"line":22,"column":4},"end":{"line":22,"column":31}},"12":{"start":{"line":25,"column":2},"end":{"line":34,"column":3}}},"fnMap":{"0":{"name":"DrawFinish","decl":{"start":{"line":7,"column":24},"end":{"line":7,"column":34}},"loc":{"start":{"line":7,"column":38},"end":{"line":35,"column":1}},"line":7},"1":{"name":"(anonymous_1)","decl":{"start":{"line":11,"column":28},"end":{"line":11,"column":29}},"loc":{"start":{"line":11,"column":34},"end":{"line":16,"column":3}},"line":11},"2":{"name":"(anonymous_2)","decl":{"start":{"line":18,"column":28},"end":{"line":18,"column":29}},"loc":{"start":{"line":18,"column":34},"end":{"line":23,"column":3}},"line":18}},"branchMap":{"0":{"loc":{"start":{"line":28,"column":12},"end":{"line":28,"column":40}},"type":"cond-expr","locations":[{"start":{"line":28,"column":20},"end":{"line":28,"column":28}},{"start":{"line":28,"column":31},"end":{"line":28,"column":40}}],"line":28}},"s":{"0":3,"1":3,"2":3,"3":2,"4":2,"5":2,"6":2,"7":3,"8":1,"9":1,"10":1,"11":1,"12":3},"f":{"0":3,"1":2,"2":1},"b":{"0":[1,2]},"_coverageSchema":"1a1c01bbd47fc00a2c39e90264f33305004495a9","hash":"b4bd20c3f7831c1cc1e9aca9c853ecee37c40f3b"}
,"/Users/danleech/Documents/projects/defra-map/src/js/components/draw.jsx": {"path":"/Users/danleech/Documents/projects/defra-map/src/js/components/draw.jsx","statementMap":{"0":{"start":{"line":9,"column":80},"end":{"line":9,"column":88}},"1":{"start":{"line":10,"column":28},"end":{"line":10,"column":41}},"2":{"start":{"line":12,"column":22},"end":{"line":12,"column":65}},"3":{"start":{"line":13,"column":19},"end":{"line":13,"column":49}},"4":{"start":{"line":15,"column":27},"end":{"line":19,"column":3}},"5":{"start":{"line":16,"column":4},"end":{"line":16,"column":90}},"6":{"start":{"line":17,"column":4},"end":{"line":17,"column":71}},"7":{"start":{"line":18,"column":4},"end":{"line":18,"column":115}},"8":{"start":{"line":21,"column":28},"end":{"line":24,"column":3}},"9":{"start":{"line":22,"column":4},"end":{"line":22,"column":26}},"10":{"start":{"line":23,"column":4},"end":{"line":23,"column":60}},"11":{"start":{"line":26,"column":2},"end":{"line":66,"column":3}}},"fnMap":{"0":{"name":"Draw","decl":{"start":{"line":8,"column":24},"end":{"line":8,"column":28}},"loc":{"start":{"line":8,"column":32},"end":{"line":67,"column":1}},"line":8},"1":{"name":"(anonymous_1)","decl":{"start":{"line":15,"column":27},"end":{"line":15,"column":28}},"loc":{"start":{"line":15,"column":33},"end":{"line":19,"column":3}},"line":15},"2":{"name":"(anonymous_2)","decl":{"start":{"line":21,"column":28},"end":{"line":21,"column":29}},"loc":{"start":{"line":21,"column":34},"end":{"line":24,"column":3}},"line":21}},"branchMap":{"0":{"loc":{"start":{"line":12,"column":22},"end":{"line":12,"column":65}},"type":"binary-expr","locations":[{"start":{"line":12,"column":22},"end":{"line":12,"column":28}},{"start":{"line":12,"column":33},"end":{"line":12,"column":38}},{"start":{"line":12,"column":42},"end":{"line":12,"column":64}}],"line":12},"1":{"loc":{"start":{"line":13,"column":19},"end":{"line":13,"column":49}},"type":"cond-expr","locations":[{"start":{"line":13,"column":33},"end":{"line":13,"column":40}},{"start":{"line":13,"column":43},"end":{"line":13,"column":49}}],"line":13},"2":{"loc":{"start":{"line":16,"column":4},"end":{"line":16,"column":90}},"type":"cond-expr","locations":[{"start":{"line":16,"column":27},"end":{"line":16,"column":56}},{"start":{"line":16,"column":59},"end":{"line":16,"column":90}}],"line":16},"3":{"loc":{"start":{"line":31,"column":11},"end":{"line":46,"column":15}},"type":"cond-expr","locations":[{"start":{"line":33,"column":14},"end":{"line":36,"column":20}},{"start":{"line":39,"column":14},"end":{"line":45,"column":20}}],"line":31},"4":{"loc":{"start":{"line":48,"column":16},"end":{"line":48,"column":38}},"type":"cond-expr","locations":[{"start":{"line":48,"column":24},"end":{"line":48,"column":30}},{"start":{"line":48,"column":33},"end":{"line":48,"column":38}}],"line":48},"5":{"loc":{"start":{"line":52,"column":7},"end":{"line":64,"column":7}},"type":"binary-expr","locations":[{"start":{"line":52,"column":7},"end":{"line":52,"column":12}},{"start":{"line":53,"column":8},"end":{"line":63,"column":14}}],"line":52}},"s":{"0":3,"1":3,"2":3,"3":3,"4":3,"5":3,"6":3,"7":3,"8":3,"9":0,"10":0,"11":3},"f":{"0":3,"1":3,"2":0},"b":{"0":[3,1,1],"1":[3,0],"2":[2,1],"3":[3,0],"4":[1,2],"5":[3,1]},"_coverageSchema":"1a1c01bbd47fc00a2c39e90264f33305004495a9","hash":"b65f0c837b474f0a143ea0abad5bbbe20911e317"}
,"/Users/danleech/Documents/projects/defra-map/src/js/components/exit.jsx": {"path":"/Users/danleech/Documents/projects/defra-map/src/js/components/exit.jsx","statementMap":{"0":{"start":{"line":5,"column":53},"end":{"line":5,"column":61}},"1":{"start":{"line":7,"column":18},"end":{"line":7,"column":65}},"2":{"start":{"line":9,"column":15},"end":{"line":23,"column":3}},"3":{"start":{"line":10,"column":4},"end":{"line":19,"column":5}},"4":{"start":{"line":11,"column":6},"end":{"line":15,"column":7}},"5":{"start":{"line":12,"column":8},"end":{"line":14,"column":9}},"6":{"start":{"line":16,"column":6},"end":{"line":18,"column":7}},"7":{"start":{"line":20,"column":4},"end":{"line":22,"column":5}},"8":{"start":{"line":25,"column":2},"end":{"line":32,"column":3}}},"fnMap":{"0":{"name":"Exit","decl":{"start":{"line":4,"column":24},"end":{"line":4,"column":28}},"loc":{"start":{"line":4,"column":32},"end":{"line":33,"column":1}},"line":4},"1":{"name":"(anonymous_1)","decl":{"start":{"line":9,"column":15},"end":{"line":9,"column":16}},"loc":{"start":{"line":9,"column":21},"end":{"line":23,"column":3}},"line":9}},"branchMap":{"0":{"loc":{"start":{"line":7,"column":18},"end":{"line":7,"column":65}},"type":"binary-expr","locations":[{"start":{"line":7,"column":18},"end":{"line":7,"column":52}},{"start":{"line":7,"column":56},"end":{"line":7,"column":65}}],"line":7},"1":{"loc":{"start":{"line":10,"column":4},"end":{"line":19,"column":5}},"type":"if","locations":[{"start":{"line":10,"column":4},"end":{"line":19,"column":5}},{"start":{},"end":{}}],"line":10},"2":{"loc":{"start":{"line":11,"column":6},"end":{"line":15,"column":7}},"type":"if","locations":[{"start":{"line":11,"column":6},"end":{"line":15,"column":7}},{"start":{},"end":{}}],"line":11},"3":{"loc":{"start":{"line":27,"column":55},"end":{"line":27,"column":75}},"type":"cond-expr","locations":[{"start":{"line":27,"column":64},"end":{"line":27,"column":68}},{"start":{"line":27,"column":71},"end":{"line":27,"column":75}}],"line":27},"4":{"loc":{"start":{"line":27,"column":98},"end":{"line":27,"column":132}},"type":"cond-expr","locations":[{"start":{"line":27,"column":107},"end":{"line":27,"column":118}},{"start":{"line":27,"column":121},"end":{"line":27,"column":132}}],"line":27},"5":{"loc":{"start":{"line":30,"column":41},"end":{"line":30,"column":65}},"type":"cond-expr","locations":[{"start":{"line":30,"column":50},"end":{"line":30,"column":56}},{"start":{"line":30,"column":59},"end":{"line":30,"column":65}}],"line":30}},"s":{"0":2,"1":2,"2":2,"3":2,"4":1,"5":1,"6":0,"7":1,"8":2},"f":{"0":2,"1":2},"b":{"0":[2,2],"1":[1,1],"2":[1,0],"3":[1,1],"4":[1,1],"5":[1,1]},"_coverageSchema":"1a1c01bbd47fc00a2c39e90264f33305004495a9","hash":"55b44a0e7ba1675c2775e0cb5afc00f1f1370959"}
,"/Users/danleech/Documents/projects/defra-map/src/js/components/help-button.jsx": {"path":"/Users/danleech/Documents/projects/defra-map/src/js/components/help-button.jsx","statementMap":{"0":{"start":{"line":5,"column":36},"end":{"line":5,"column":44}},"1":{"start":{"line":7,"column":22},"end":{"line":9,"column":3}},"2":{"start":{"line":8,"column":4},"end":{"line":8,"column":47}},"3":{"start":{"line":11,"column":2},"end":{"line":19,"column":3}}},"fnMap":{"0":{"name":"HelpButton","decl":{"start":{"line":4,"column":24},"end":{"line":4,"column":34}},"loc":{"start":{"line":4,"column":52},"end":{"line":20,"column":1}},"line":4},"1":{"name":"(anonymous_1)","decl":{"start":{"line":7,"column":22},"end":{"line":7,"column":23}},"loc":{"start":{"line":7,"column":28},"end":{"line":9,"column":3}},"line":7}},"branchMap":{"0":{"loc":{"start":{"line":12,"column":126},"end":{"line":12,"column":186}},"type":"cond-expr","locations":[{"start":{"line":12,"column":151},"end":{"line":12,"column":181}},{"start":{"line":12,"column":184},"end":{"line":12,"column":186}}],"line":12}},"s":{"0":3,"1":3,"2":1,"3":3},"f":{"0":3,"1":1},"b":{"0":[1,2]},"_coverageSchema":"1a1c01bbd47fc00a2c39e90264f33305004495a9","hash":"395fa4c9170341af42135356bf8ce50ab5d596ba"}
,"/Users/danleech/Documents/projects/defra-map/src/js/components/legend-button.jsx": {"path":"/Users/danleech/Documents/projects/defra-map/src/js/components/legend-button.jsx","statementMap":{"0":{"start":{"line":5,"column":44},"end":{"line":5,"column":52}},"1":{"start":{"line":7,"column":22},"end":{"line":9,"column":3}},"2":{"start":{"line":8,"column":4},"end":{"line":8,"column":49}},"3":{"start":{"line":11,"column":2},"end":{"line":18,"column":3}}},"fnMap":{"0":{"name":"LegendButton","decl":{"start":{"line":4,"column":24},"end":{"line":4,"column":36}},"loc":{"start":{"line":4,"column":56},"end":{"line":19,"column":1}},"line":4},"1":{"name":"(anonymous_1)","decl":{"start":{"line":7,"column":22},"end":{"line":7,"column":23}},"loc":{"start":{"line":7,"column":28},"end":{"line":9,"column":3}},"line":7}},"branchMap":{"0":{"loc":{"start":{"line":12,"column":130},"end":{"line":12,"column":192}},"type":"cond-expr","locations":[{"start":{"line":12,"column":157},"end":{"line":12,"column":187}},{"start":{"line":12,"column":190},"end":{"line":12,"column":192}}],"line":12},"1":{"loc":{"start":{"line":16,"column":41},"end":{"line":16,"column":65}},"type":"binary-expr","locations":[{"start":{"line":16,"column":41},"end":{"line":16,"column":53}},{"start":{"line":16,"column":57},"end":{"line":16,"column":65}}],"line":16}},"s":{"0":3,"1":3,"2":1,"3":3},"f":{"0":3,"1":1},"b":{"0":[1,2],"1":[3,1]},"_coverageSchema":"1a1c01bbd47fc00a2c39e90264f33305004495a9","hash":"2d1783bf53d6b3c065e12fa3c922788ecd6d0e47"}
,"/Users/danleech/Documents/projects/defra-map/src/js/components/map-error.jsx": {"path":"/Users/danleech/Documents/projects/defra-map/src/js/components/map-error.jsx","statementMap":{"0":{"start":{"line":5,"column":22},"end":{"line":5,"column":36}},"1":{"start":{"line":7,"column":2},"end":{"line":9,"column":3}}},"fnMap":{"0":{"name":"MapError","decl":{"start":{"line":4,"column":24},"end":{"line":4,"column":32}},"loc":{"start":{"line":4,"column":36},"end":{"line":10,"column":1}},"line":4}},"branchMap":{},"s":{"0":1,"1":1},"f":{"0":1},"b":{},"_coverageSchema":"1a1c01bbd47fc00a2c39e90264f33305004495a9","hash":"0af77d6708f694346221abf64cf72ef7e6112369"}
,"/Users/danleech/Documents/projects/defra-map/src/js/components/more.jsx": {"path":"/Users/danleech/Documents/projects/defra-map/src/js/components/more.jsx","statementMap":{"0":{"start":{"line":6,"column":24},"end":{"line":6,"column":32}},"1":{"start":{"line":7,"column":17},"end":{"line":7,"column":29}},"2":{"start":{"line":9,"column":22},"end":{"line":16,"column":3}},"3":{"start":{"line":10,"column":4},"end":{"line":10,"column":30}},"4":{"start":{"line":11,"column":4},"end":{"line":13,"column":5}},"5":{"start":{"line":12,"column":6},"end":{"line":12,"column":12}},"6":{"start":{"line":14,"column":28},"end":{"line":14,"column":71}},"7":{"start":{"line":15,"column":4},"end":{"line":15,"column":39}},"8":{"start":{"line":18,"column":2},"end":{"line":36,"column":3}}},"fnMap":{"0":{"name":"More","decl":{"start":{"line":5,"column":24},"end":{"line":5,"column":28}},"loc":{"start":{"line":5,"column":82},"end":{"line":37,"column":1}},"line":5},"1":{"name":"(anonymous_1)","decl":{"start":{"line":9,"column":22},"end":{"line":9,"column":23}},"loc":{"start":{"line":9,"column":28},"end":{"line":16,"column":3}},"line":9}},"branchMap":{"0":{"loc":{"start":{"line":11,"column":4},"end":{"line":13,"column":5}},"type":"if","locations":[{"start":{"line":11,"column":4},"end":{"line":13,"column":5}},{"start":{},"end":{}}],"line":11},"1":{"loc":{"start":{"line":20,"column":7},"end":{"line":34,"column":14}},"type":"cond-expr","locations":[{"start":{"line":22,"column":10},"end":{"line":32,"column":19}},{"start":{"line":34,"column":10},"end":{"line":34,"column":14}}],"line":20},"2":{"loc":{"start":{"line":20,"column":9},"end":{"line":20,"column":31}},"type":"binary-expr","locations":[{"start":{"line":20,"column":9},"end":{"line":20,"column":17}},{"start":{"line":20,"column":21},"end":{"line":20,"column":31}}],"line":20}},"s":{"0":3,"1":3,"2":3,"3":1,"4":1,"5":1,"6":0,"7":0,"8":3},"f":{"0":3,"1":1},"b":{"0":[1,0],"1":[2,1],"2":[3,1]},"_coverageSchema":"1a1c01bbd47fc00a2c39e90264f33305004495a9","hash":"138da0715d9f3eba350153a3f2014f98639cd02f"}
,"/Users/danleech/Documents/projects/defra-map/src/js/components/os-maps-logos.jsx": {"path":"/Users/danleech/Documents/projects/defra-map/src/js/components/os-maps-logos.jsx","statementMap":{"0":{"start":{"line":3,"column":27},"end":{"line":7,"column":1}},"1":{"start":{"line":4,"column":2},"end":{"line":6,"column":3}},"2":{"start":{"line":9,"column":24},"end":{"line":13,"column":1}},"3":{"start":{"line":10,"column":2},"end":{"line":12,"column":3}}},"fnMap":{"0":{"name":"(anonymous_0)","decl":{"start":{"line":3,"column":27},"end":{"line":3,"column":28}},"loc":{"start":{"line":3,"column":33},"end":{"line":7,"column":1}},"line":3},"1":{"name":"(anonymous_1)","decl":{"start":{"line":9,"column":24},"end":{"line":9,"column":25}},"loc":{"start":{"line":9,"column":30},"end":{"line":13,"column":1}},"line":9}},"branchMap":{},"s":{"0":1,"1":1,"2":1,"3":1},"f":{"0":1,"1":1},"b":{},"_coverageSchema":"1a1c01bbd47fc00a2c39e90264f33305004495a9","hash":"2cac34d34fa3818a25db0ce97fba2038a4341a24"}
,"/Users/danleech/Documents/projects/defra-map/src/js/components/reset.jsx": {"path":"/Users/danleech/Documents/projects/defra-map/src/js/components/reset.jsx","statementMap":{"0":{"start":{"line":6,"column":17},"end":{"line":6,"column":33}},"1":{"start":{"line":7,"column":49},"end":{"line":7,"column":62}},"2":{"start":{"line":8,"column":27},"end":{"line":8,"column":49}},"3":{"start":{"line":9,"column":36},"end":{"line":9,"column":51}},"4":{"start":{"line":11,"column":24},"end":{"line":16,"column":3}},"5":{"start":{"line":12,"column":4},"end":{"line":14,"column":5}},"6":{"start":{"line":13,"column":6},"end":{"line":13,"column":12}},"7":{"start":{"line":15,"column":4},"end":{"line":15,"column":39}},"8":{"start":{"line":18,"column":2},"end":{"line":23,"column":12}},"9":{"start":{"line":19,"column":25},"end":{"line":19,"column":75}},"10":{"start":{"line":20,"column":23},"end":{"line":20,"column":37}},"11":{"start":{"line":21,"column":18},"end":{"line":21,"column":85}},"12":{"start":{"line":22,"column":4},"end":{"line":22,"column":23}},"13":{"start":{"line":25,"column":2},"end":{"line":32,"column":3}}},"fnMap":{"0":{"name":"Reset","decl":{"start":{"line":5,"column":24},"end":{"line":5,"column":29}},"loc":{"start":{"line":5,"column":33},"end":{"line":33,"column":1}},"line":5},"1":{"name":"(anonymous_1)","decl":{"start":{"line":11,"column":24},"end":{"line":11,"column":25}},"loc":{"start":{"line":11,"column":30},"end":{"line":16,"column":3}},"line":11},"2":{"name":"(anonymous_2)","decl":{"start":{"line":18,"column":12},"end":{"line":18,"column":13}},"loc":{"start":{"line":18,"column":18},"end":{"line":23,"column":3}},"line":18}},"branchMap":{"0":{"loc":{"start":{"line":12,"column":4},"end":{"line":14,"column":5}},"type":"if","locations":[{"start":{"line":12,"column":4},"end":{"line":14,"column":5}},{"start":{},"end":{}}],"line":12},"1":{"loc":{"start":{"line":21,"column":18},"end":{"line":21,"column":85}},"type":"binary-expr","locations":[{"start":{"line":21,"column":18},"end":{"line":21,"column":25}},{"start":{"line":21,"column":29},"end":{"line":21,"column":35}},{"start":{"line":21,"column":39},"end":{"line":21,"column":44}},{"start":{"line":21,"column":48},"end":{"line":21,"column":52}},{"start":{"line":21,"column":56},"end":{"line":21,"column":85}}],"line":21},"2":{"loc":{"start":{"line":21,"column":58},"end":{"line":21,"column":84}},"type":"binary-expr","locations":[{"start":{"line":21,"column":58},"end":{"line":21,"column":70}},{"start":{"line":21,"column":74},"end":{"line":21,"column":84}}],"line":21}},"s":{"0":3,"1":3,"2":3,"3":3,"4":3,"5":2,"6":1,"7":1,"8":3,"9":2,"10":2,"11":2,"12":2,"13":3},"f":{"0":3,"1":2,"2":2},"b":{"0":[1,1],"1":[2,2,2,2,2],"2":[2,1]},"_coverageSchema":"1a1c01bbd47fc00a2c39e90264f33305004495a9","hash":"1f2a50ceaed8c8ee842838903b038ebfe976cdfd"}
,"/Users/danleech/Documents/projects/defra-map/src/js/lib/dom.js": {"path":"/Users/danleech/Documents/projects/defra-map/src/js/lib/dom.js","statementMap":{"0":{"start":{"line":1,"column":18},"end":{"line":1,"column":32}},"1":{"start":{"line":2,"column":20},"end":{"line":2,"column":33}},"2":{"start":{"line":4,"column":21},"end":{"line":14,"column":1}},"3":{"start":{"line":5,"column":17},"end":{"line":5,"column":59}},"4":{"start":{"line":6,"column":18},"end":{"line":6,"column":96}},"5":{"start":{"line":7,"column":14},"end":{"line":7,"column":67}},"6":{"start":{"line":8,"column":24},"end":{"line":8,"column":43}},"7":{"start":{"line":9,"column":28},"end":{"line":9,"column":51}},"8":{"start":{"line":10,"column":2},"end":{"line":10,"column":65}},"9":{"start":{"line":11,"column":2},"end":{"line":11,"column":33}},"10":{"start":{"line":13,"column":2},"end":{"line":13,"column":27}},"11":{"start":{"line":16,"column":27},"end":{"line":22,"column":1}},"12":{"start":{"line":17,"column":15},"end":{"line":17,"column":80}},"13":{"start":{"line":18,"column":2},"end":{"line":18,"column":62}},"14":{"start":{"line":19,"column":16},"end":{"line":19,"column":43}},"15":{"start":{"line":20,"column":16},"end":{"line":20,"column":39}},"16":{"start":{"line":21,"column":2},"end":{"line":21,"column":54}},"17":{"start":{"line":24,"column":27},"end":{"line":48,"column":1}},"18":{"start":{"line":25,"column":19},"end":{"line":25,"column":63}},"19":{"start":{"line":26,"column":2},"end":{"line":29,"column":3}},"20":{"start":{"line":27,"column":4},"end":{"line":27,"column":40}},"21":{"start":{"line":28,"column":4},"end":{"line":28,"column":44}},"22":{"start":{"line":31,"column":11},"end":{"line":31,"column":47}},"23":{"start":{"line":33,"column":2},"end":{"line":35,"column":3}},"24":{"start":{"line":34,"column":4},"end":{"line":34,"column":10}},"25":{"start":{"line":37,"column":2},"end":{"line":47,"column":3}},"26":{"start":{"line":38,"column":18},"end":{"line":38,"column":42}},"27":{"start":{"line":39,"column":4},"end":{"line":45,"column":5}},"28":{"start":{"line":40,"column":6},"end":{"line":43,"column":7}},"29":{"start":{"line":41,"column":8},"end":{"line":41,"column":47}},"30":{"start":{"line":42,"column":8},"end":{"line":42,"column":49}},"31":{"start":{"line":44,"column":6},"end":{"line":44,"column":35}},"32":{"start":{"line":46,"column":4},"end":{"line":46,"column":22}},"33":{"start":{"line":50,"column":31},"end":{"line":67,"column":1}},"34":{"start":{"line":51,"column":11},"end":{"line":51,"column":33}},"35":{"start":{"line":53,"column":17},"end":{"line":53,"column":59}},"36":{"start":{"line":54,"column":20},"end":{"line":54,"column":98}},"37":{"start":{"line":55,"column":14},"end":{"line":55,"column":67}},"38":{"start":{"line":56,"column":24},"end":{"line":56,"column":43}},"39":{"start":{"line":57,"column":28},"end":{"line":57,"column":51}},"40":{"start":{"line":58,"column":2},"end":{"line":58,"column":77}},"41":{"start":{"line":59,"column":19},"end":{"line":59,"column":96}},"42":{"start":{"line":60,"column":2},"end":{"line":60,"column":24}},"43":{"start":{"line":62,"column":2},"end":{"line":64,"column":3}},"44":{"start":{"line":63,"column":4},"end":{"line":63,"column":10}},"45":{"start":{"line":66,"column":2},"end":{"line":66,"column":12}},"46":{"start":{"line":69,"column":30},"end":{"line":101,"column":1}},"47":{"start":{"line":70,"column":2},"end":{"line":72,"column":3}},"48":{"start":{"line":71,"column":4},"end":{"line":71,"column":10}},"49":{"start":{"line":74,"column":13},"end":{"line":74,"column":88}},"50":{"start":{"line":76,"column":2},"end":{"line":78,"column":3}},"51":{"start":{"line":77,"column":4},"end":{"line":77,"column":10}},"52":{"start":{"line":80,"column":20},"end":{"line":87,"column":3}},"53":{"start":{"line":88,"column":21},"end":{"line":88,"column":73}},"54":{"start":{"line":89,"column":2},"end":{"line":89,"column":79}},"55":{"start":{"line":89,"column":52},"end":{"line":89,"column":78}},"56":{"start":{"line":90,"column":27},"end":{"line":90,"column":42}},"57":{"start":{"line":91,"column":26},"end":{"line":91,"column":63}},"58":{"start":{"line":93,"column":2},"end":{"line":96,"column":3}},"59":{"start":{"line":94,"column":4},"end":{"line":94,"column":27}},"60":{"start":{"line":95,"column":4},"end":{"line":95,"column":22}},"61":{"start":{"line":97,"column":2},"end":{"line":100,"column":3}},"62":{"start":{"line":98,"column":4},"end":{"line":98,"column":28}},"63":{"start":{"line":99,"column":4},"end":{"line":99,"column":22}},"64":{"start":{"line":103,"column":27},"end":{"line":108,"column":1}},"65":{"start":{"line":104,"column":23},"end":{"line":104,"column":92}},"66":{"start":{"line":105,"column":15},"end":{"line":105,"column":97}},"67":{"start":{"line":105,"column":67},"end":{"line":105,"column":94}},"68":{"start":{"line":106,"column":16},"end":{"line":106,"column":32}},"69":{"start":{"line":107,"column":2},"end":{"line":107,"column":70}}},"fnMap":{"0":{"name":"(anonymous_0)","decl":{"start":{"line":4,"column":21},"end":{"line":4,"column":22}},"loc":{"start":{"line":4,"column":29},"end":{"line":14,"column":1}},"line":4},"1":{"name":"(anonymous_1)","decl":{"start":{"line":16,"column":27},"end":{"line":16,"column":28}},"loc":{"start":{"line":16,"column":33},"end":{"line":22,"column":1}},"line":16},"2":{"name":"(anonymous_2)","decl":{"start":{"line":24,"column":27},"end":{"line":24,"column":28}},"loc":{"start":{"line":24,"column":33},"end":{"line":48,"column":1}},"line":24},"3":{"name":"(anonymous_3)","decl":{"start":{"line":50,"column":31},"end":{"line":50,"column":32}},"loc":{"start":{"line":50,"column":37},"end":{"line":67,"column":1}},"line":50},"4":{"name":"(anonymous_4)","decl":{"start":{"line":69,"column":30},"end":{"line":69,"column":31}},"loc":{"start":{"line":69,"column":35},"end":{"line":101,"column":1}},"line":69},"5":{"name":"(anonymous_5)","decl":{"start":{"line":89,"column":37},"end":{"line":89,"column":38}},"loc":{"start":{"line":89,"column":52},"end":{"line":89,"column":78}},"line":89},"6":{"name":"(anonymous_6)","decl":{"start":{"line":103,"column":27},"end":{"line":103,"column":28}},"loc":{"start":{"line":103,"column":46},"end":{"line":108,"column":1}},"line":103},"7":{"name":"(anonymous_7)","decl":{"start":{"line":105,"column":57},"end":{"line":105,"column":58}},"loc":{"start":{"line":105,"column":65},"end":{"line":105,"column":96}},"line":105}},"branchMap":{"0":{"loc":{"start":{"line":6,"column":18},"end":{"line":6,"column":96}},"type":"binary-expr","locations":[{"start":{"line":6,"column":18},"end":{"line":6,"column":58}},{"start":{"line":6,"column":62},"end":{"line":6,"column":96}}],"line":6},"1":{"loc":{"start":{"line":10,"column":10},"end":{"line":10,"column":65}},"type":"binary-expr","locations":[{"start":{"line":10,"column":11},"end":{"line":10,"column":17}},{"start":{"line":10,"column":21},"end":{"line":10,"column":38}},{"start":{"line":10,"column":43},"end":{"line":10,"column":56}},{"start":{"line":10,"column":60},"end":{"line":10,"column":65}}],"line":10},"2":{"loc":{"start":{"line":11,"column":14},"end":{"line":11,"column":33}},"type":"binary-expr","locations":[{"start":{"line":11,"column":14},"end":{"line":11,"column":20}},{"start":{"line":11,"column":24},"end":{"line":11,"column":33}}],"line":11},"3":{"loc":{"start":{"line":13,"column":9},"end":{"line":13,"column":27}},"type":"binary-expr","locations":[{"start":{"line":13,"column":9},"end":{"line":13,"column":14}},{"start":{"line":13,"column":18},"end":{"line":13,"column":27}}],"line":13},"4":{"loc":{"start":{"line":21,"column":19},"end":{"line":21,"column":54}},"type":"cond-expr","locations":[{"start":{"line":21,"column":26},"end":{"line":21,"column":46}},{"start":{"line":21,"column":49},"end":{"line":21,"column":54}}],"line":21},"5":{"loc":{"start":{"line":33,"column":2},"end":{"line":35,"column":3}},"type":"if","locations":[{"start":{"line":33,"column":2},"end":{"line":35,"column":3}},{"start":{},"end":{}}],"line":33},"6":{"loc":{"start":{"line":37,"column":9},"end":{"line":37,"column":46}},"type":"binary-expr","locations":[{"start":{"line":37,"column":9},"end":{"line":37,"column":22}},{"start":{"line":37,"column":26},"end":{"line":37,"column":46}}],"line":37},"7":{"loc":{"start":{"line":40,"column":6},"end":{"line":43,"column":7}},"type":"if","locations":[{"start":{"line":40,"column":6},"end":{"line":43,"column":7}},{"start":{},"end":{}}],"line":40},"8":{"loc":{"start":{"line":40,"column":10},"end":{"line":40,"column":88}},"type":"binary-expr","locations":[{"start":{"line":40,"column":10},"end":{"line":40,"column":32}},{"start":{"line":40,"column":36},"end":{"line":40,"column":50}},{"start":{"line":40,"column":54},"end":{"line":40,"column":88}}],"line":40},"9":{"loc":{"start":{"line":54,"column":20},"end":{"line":54,"column":98}},"type":"binary-expr","locations":[{"start":{"line":54,"column":20},"end":{"line":54,"column":60}},{"start":{"line":54,"column":64},"end":{"line":54,"column":98}}],"line":54},"10":{"loc":{"start":{"line":58,"column":10},"end":{"line":58,"column":77}},"type":"binary-expr","locations":[{"start":{"line":58,"column":12},"end":{"line":58,"column":18}},{"start":{"line":58,"column":22},"end":{"line":58,"column":39}},{"start":{"line":58,"column":44},"end":{"line":58,"column":49}},{"start":{"line":58,"column":53},"end":{"line":58,"column":67}},{"start":{"line":58,"column":72},"end":{"line":58,"column":77}}],"line":58},"11":{"loc":{"start":{"line":59,"column":19},"end":{"line":59,"column":96}},"type":"binary-expr","locations":[{"start":{"line":59,"column":19},"end":{"line":59,"column":25}},{"start":{"line":59,"column":29},"end":{"line":59,"column":47}},{"start":{"line":59,"column":51},"end":{"line":59,"column":96}}],"line":59},"12":{"loc":{"start":{"line":60,"column":7},"end":{"line":60,"column":24}},"type":"binary-expr","locations":[{"start":{"line":60,"column":7},"end":{"line":60,"column":12}},{"start":{"line":60,"column":16},"end":{"line":60,"column":24}}],"line":60},"13":{"loc":{"start":{"line":62,"column":2},"end":{"line":64,"column":3}},"type":"if","locations":[{"start":{"line":62,"column":2},"end":{"line":64,"column":3}},{"start":{},"end":{}}],"line":62},"14":{"loc":{"start":{"line":70,"column":2},"end":{"line":72,"column":3}},"type":"if","locations":[{"start":{"line":70,"column":2},"end":{"line":72,"column":3}},{"start":{},"end":{}}],"line":70},"15":{"loc":{"start":{"line":76,"column":2},"end":{"line":78,"column":3}},"type":"if","locations":[{"start":{"line":76,"column":2},"end":{"line":78,"column":3}},{"start":{},"end":{}}],"line":76},"16":{"loc":{"start":{"line":93,"column":2},"end":{"line":96,"column":3}},"type":"if","locations":[{"start":{"line":93,"column":2},"end":{"line":96,"column":3}},{"start":{},"end":{}}],"line":93},"17":{"loc":{"start":{"line":93,"column":6},"end":{"line":93,"column":98}},"type":"binary-expr","locations":[{"start":{"line":93,"column":6},"end":{"line":93,"column":16}},{"start":{"line":93,"column":21},"end":{"line":93,"column":50}},{"start":{"line":93,"column":54},"end":{"line":93,"column":97}}],"line":93},"18":{"loc":{"start":{"line":97,"column":2},"end":{"line":100,"column":3}},"type":"if","locations":[{"start":{"line":97,"column":2},"end":{"line":100,"column":3}},{"start":{},"end":{}}],"line":97},"19":{"loc":{"start":{"line":97,"column":6},"end":{"line":97,"column":65}},"type":"binary-expr","locations":[{"start":{"line":97,"column":6},"end":{"line":97,"column":17}},{"start":{"line":97,"column":22},"end":{"line":97,"column":64}}],"line":97},"20":{"loc":{"start":{"line":107,"column":9},"end":{"line":107,"column":70}},"type":"binary-expr","locations":[{"start":{"line":107,"column":9},"end":{"line":107,"column":59}},{"start":{"line":107,"column":63},"end":{"line":107,"column":70}}],"line":107},"21":{"loc":{"start":{"line":107,"column":14},"end":{"line":107,"column":58}},"type":"cond-expr","locations":[{"start":{"line":107,"column":37},"end":{"line":107,"column":46}},{"start":{"line":107,"column":49},"end":{"line":107,"column":58}}],"line":107}},"s":{"0":2,"1":2,"2":2,"3":2,"4":2,"5":2,"6":2,"7":2,"8":2,"9":2,"10":2,"11":2,"12":2,"13":2,"14":2,"15":2,"16":2,"17":2,"18":2,"19":2,"20":4,"21":4,"22":2,"23":2,"24":1,"25":1,"26":1,"27":1,"28":3,"29":0,"30":0,"31":3,"32":1,"33":2,"34":0,"35":0,"36":0,"37":0,"38":0,"39":0,"40":0,"41":0,"42":0,"43":0,"44":0,"45":0,"46":2,"47":0,"48":0,"49":0,"50":0,"51":0,"52":0,"53":0,"54":0,"55":0,"56":0,"57":0,"58":0,"59":0,"60":0,"61":0,"62":0,"63":0,"64":2,"65":2,"66":2,"67":8,"68":2,"69":2},"f":{"0":2,"1":2,"2":2,"3":0,"4":0,"5":0,"6":2,"7":8},"b":{"0":[2,1],"1":[2,1,1,0],"2":[2,1],"3":[2,2],"4":[1,1],"5":[1,1],"6":[2,2],"7":[0,3],"8":[3,1,0],"9":[0,0],"10":[0,0,0,0,0],"11":[0,0,0],"12":[0,0],"13":[0,0],"14":[0,0],"15":[0,0],"16":[0,0],"17":[0,0,0],"18":[0,0],"19":[0,0],"20":[2,1],"21":[2,0]},"_coverageSchema":"1a1c01bbd47fc00a2c39e90264f33305004495a9","hash":"b7fed368bea06e1c0fe0a14b519650815b962ed0"}
,"/Users/danleech/Documents/projects/defra-map/src/js/lib/eventbus.js": {"path":"/Users/danleech/Documents/projects/defra-map/src/js/lib/eventbus.js","statementMap":{"0":{"start":{"line":1,"column":17},"end":{"line":11,"column":1}},"1":{"start":{"line":3,"column":4},"end":{"line":3,"column":55}},"2":{"start":{"line":3,"column":36},"end":{"line":3,"column":54}},"3":{"start":{"line":6,"column":4},"end":{"line":6,"column":62}},"4":{"start":{"line":9,"column":4},"end":{"line":9,"column":43}}},"fnMap":{"0":{"name":"(anonymous_0)","decl":{"start":{"line":2,"column":2},"end":{"line":2,"column":3}},"loc":{"start":{"line":2,"column":27},"end":{"line":4,"column":3}},"line":2},"1":{"name":"(anonymous_1)","decl":{"start":{"line":3,"column":31},"end":{"line":3,"column":32}},"loc":{"start":{"line":3,"column":36},"end":{"line":3,"column":54}},"line":3},"2":{"name":"(anonymous_2)","decl":{"start":{"line":5,"column":2},"end":{"line":5,"column":3}},"loc":{"start":{"line":5,"column":29},"end":{"line":7,"column":3}},"line":5},"3":{"name":"(anonymous_3)","decl":{"start":{"line":8,"column":2},"end":{"line":8,"column":3}},"loc":{"start":{"line":8,"column":31},"end":{"line":10,"column":3}},"line":8}},"branchMap":{},"s":{"0":2,"1":0,"2":0,"3":0,"4":0},"f":{"0":0,"1":0,"2":0,"3":0},"b":{},"_coverageSchema":"1a1c01bbd47fc00a2c39e90264f33305004495a9","hash":"120087a3ed74394dae408b43227668f96fe5e674"}
,"/Users/danleech/Documents/projects/defra-map/src/js/lib/query.js": {"path":"/Users/danleech/Documents/projects/defra-map/src/js/lib/query.js","statementMap":{"0":{"start":{"line":4,"column":29},"end":{"line":23,"column":1}},"1":{"start":{"line":5,"column":17},"end":{"line":5,"column":21}},"2":{"start":{"line":6,"column":2},"end":{"line":21,"column":3}},"3":{"start":{"line":7,"column":24},"end":{"line":7,"column":67}},"4":{"start":{"line":8,"column":4},"end":{"line":10,"column":5}},"5":{"start":{"line":9,"column":6},"end":{"line":9,"column":46}},"6":{"start":{"line":11,"column":4},"end":{"line":11,"column":17}},"7":{"start":{"line":12,"column":4},"end":{"line":20,"column":5}},"8":{"start":{"line":13,"column":24},"end":{"line":13,"column":45}},"9":{"start":{"line":14,"column":30},"end":{"line":14,"column":74}},"10":{"start":{"line":14,"column":53},"end":{"line":14,"column":73}},"11":{"start":{"line":15,"column":16},"end":{"line":15,"column":59}},"12":{"start":{"line":15,"column":34},"end":{"line":15,"column":54}},"13":{"start":{"line":16,"column":16},"end":{"line":16,"column":69}},"14":{"start":{"line":16,"column":34},"end":{"line":16,"column":46}},"15":{"start":{"line":17,"column":6},"end":{"line":19,"column":7}},"16":{"start":{"line":18,"column":8},"end":{"line":18,"column":29}},"17":{"start":{"line":22,"column":2},"end":{"line":22,"column":17}},"18":{"start":{"line":25,"column":27},"end":{"line":39,"column":1}},"19":{"start":{"line":26,"column":15},"end":{"line":26,"column":19}},"20":{"start":{"line":27,"column":2},"end":{"line":37,"column":3}},"21":{"start":{"line":28,"column":24},"end":{"line":28,"column":67}},"22":{"start":{"line":29,"column":16},"end":{"line":29,"column":56}},"23":{"start":{"line":30,"column":4},"end":{"line":30,"column":15}},"24":{"start":{"line":31,"column":4},"end":{"line":35,"column":5}},"25":{"start":{"line":32,"column":16},"end":{"line":32,"column":72}},"26":{"start":{"line":32,"column":36},"end":{"line":32,"column":56}},"27":{"start":{"line":32,"column":67},"end":{"line":32,"column":71}},"28":{"start":{"line":33,"column":16},"end":{"line":33,"column":70}},"29":{"start":{"line":33,"column":36},"end":{"line":33,"column":54}},"30":{"start":{"line":33,"column":65},"end":{"line":33,"column":69}},"31":{"start":{"line":34,"column":6},"end":{"line":34,"column":60}},"32":{"start":{"line":36,"column":4},"end":{"line":36,"column":33}},"33":{"start":{"line":38,"column":2},"end":{"line":38,"column":15}},"34":{"start":{"line":41,"column":27},"end":{"line":84,"column":1}},"35":{"start":{"line":43,"column":15},"end":{"line":48,"column":4}},"36":{"start":{"line":44,"column":27},"end":{"line":44,"column":86}},"37":{"start":{"line":44,"column":65},"end":{"line":44,"column":85}},"38":{"start":{"line":45,"column":27},"end":{"line":45,"column":58}},"39":{"start":{"line":46,"column":27},"end":{"line":46,"column":57}},"40":{"start":{"line":47,"column":4},"end":{"line":47,"column":61}},"41":{"start":{"line":51,"column":2},"end":{"line":81,"column":3}},"42":{"start":{"line":52,"column":18},"end":{"line":52,"column":20}},"43":{"start":{"line":53,"column":20},"end":{"line":53,"column":22}},"44":{"start":{"line":54,"column":4},"end":{"line":70,"column":6}},"45":{"start":{"line":55,"column":29},"end":{"line":55,"column":79}},"46":{"start":{"line":55,"column":50},"end":{"line":55,"column":74}},"47":{"start":{"line":56,"column":6},"end":{"line":69,"column":8}},"48":{"start":{"line":57,"column":26},"end":{"line":57,"column":101}},"49":{"start":{"line":58,"column":26},"end":{"line":58,"column":47}},"50":{"start":{"line":59,"column":8},"end":{"line":61,"column":9}},"51":{"start":{"line":60,"column":10},"end":{"line":60,"column":16}},"52":{"start":{"line":62,"column":8},"end":{"line":68,"column":9}},"53":{"start":{"line":63,"column":10},"end":{"line":63,"column":26}},"54":{"start":{"line":64,"column":15},"end":{"line":68,"column":9}},"55":{"start":{"line":65,"column":10},"end":{"line":65,"column":50}},"56":{"start":{"line":67,"column":10},"end":{"line":67,"column":30}},"57":{"start":{"line":73,"column":4},"end":{"line":78,"column":5}},"58":{"start":{"line":74,"column":6},"end":{"line":77,"column":8}},"59":{"start":{"line":80,"column":4},"end":{"line":80,"column":77}},"60":{"start":{"line":80,"column":62},"end":{"line":80,"column":76}},"61":{"start":{"line":83,"column":2},"end":{"line":83,"column":15}},"62":{"start":{"line":86,"column":26},"end":{"line":107,"column":1}},"63":{"start":{"line":88,"column":25},"end":{"line":88,"column":50}},"64":{"start":{"line":89,"column":20},"end":{"line":89,"column":99}},"65":{"start":{"line":91,"column":28},"end":{"line":91,"column":56}},"66":{"start":{"line":92,"column":26},"end":{"line":92,"column":70}},"67":{"start":{"line":93,"column":2},"end":{"line":96,"column":3}},"68":{"start":{"line":98,"column":23},"end":{"line":101,"column":4}},"69":{"start":{"line":103,"column":2},"end":{"line":106,"column":3}}},"fnMap":{"0":{"name":"(anonymous_0)","decl":{"start":{"line":4,"column":29},"end":{"line":4,"column":30}},"loc":{"start":{"line":4,"column":52},"end":{"line":23,"column":1}},"line":4},"1":{"name":"(anonymous_1)","decl":{"start":{"line":14,"column":48},"end":{"line":14,"column":49}},"loc":{"start":{"line":14,"column":53},"end":{"line":14,"column":73}},"line":14},"2":{"name":"(anonymous_2)","decl":{"start":{"line":15,"column":29},"end":{"line":15,"column":30}},"loc":{"start":{"line":15,"column":34},"end":{"line":15,"column":54}},"line":15},"3":{"name":"(anonymous_3)","decl":{"start":{"line":16,"column":29},"end":{"line":16,"column":30}},"loc":{"start":{"line":16,"column":34},"end":{"line":16,"column":46}},"line":16},"4":{"name":"(anonymous_4)","decl":{"start":{"line":25,"column":27},"end":{"line":25,"column":28}},"loc":{"start":{"line":25,"column":43},"end":{"line":39,"column":1}},"line":25},"5":{"name":"(anonymous_5)","decl":{"start":{"line":32,"column":31},"end":{"line":32,"column":32}},"loc":{"start":{"line":32,"column":36},"end":{"line":32,"column":56}},"line":32},"6":{"name":"(anonymous_6)","decl":{"start":{"line":32,"column":62},"end":{"line":32,"column":63}},"loc":{"start":{"line":32,"column":67},"end":{"line":32,"column":71}},"line":32},"7":{"name":"(anonymous_7)","decl":{"start":{"line":33,"column":31},"end":{"line":33,"column":32}},"loc":{"start":{"line":33,"column":36},"end":{"line":33,"column":54}},"line":33},"8":{"name":"(anonymous_8)","decl":{"start":{"line":33,"column":60},"end":{"line":33,"column":61}},"loc":{"start":{"line":33,"column":65},"end":{"line":33,"column":69}},"line":33},"9":{"name":"(anonymous_9)","decl":{"start":{"line":41,"column":27},"end":{"line":41,"column":28}},"loc":{"start":{"line":41,"column":84},"end":{"line":84,"column":1}},"line":41},"10":{"name":"(anonymous_10)","decl":{"start":{"line":43,"column":27},"end":{"line":43,"column":28}},"loc":{"start":{"line":43,"column":32},"end":{"line":48,"column":3}},"line":43},"11":{"name":"(anonymous_11)","decl":{"start":{"line":44,"column":60},"end":{"line":44,"column":61}},"loc":{"start":{"line":44,"column":65},"end":{"line":44,"column":85}},"line":44},"12":{"name":"(anonymous_12)","decl":{"start":{"line":54,"column":19},"end":{"line":54,"column":20}},"loc":{"start":{"line":54,"column":24},"end":{"line":70,"column":5}},"line":54},"13":{"name":"(anonymous_13)","decl":{"start":{"line":55,"column":42},"end":{"line":55,"column":43}},"loc":{"start":{"line":55,"column":50},"end":{"line":55,"column":74}},"line":55},"14":{"name":"(anonymous_14)","decl":{"start":{"line":56,"column":22},"end":{"line":56,"column":23}},"loc":{"start":{"line":56,"column":30},"end":{"line":69,"column":7}},"line":56},"15":{"name":"(anonymous_15)","decl":{"start":{"line":80,"column":57},"end":{"line":80,"column":58}},"loc":{"start":{"line":80,"column":62},"end":{"line":80,"column":76}},"line":80},"16":{"name":"(anonymous_16)","decl":{"start":{"line":86,"column":26},"end":{"line":86,"column":27}},"loc":{"start":{"line":86,"column":36},"end":{"line":107,"column":1}},"line":86}},"branchMap":{"0":{"loc":{"start":{"line":6,"column":2},"end":{"line":21,"column":3}},"type":"if","locations":[{"start":{"line":6,"column":2},"end":{"line":21,"column":3}},{"start":{},"end":{}}],"line":6},"1":{"loc":{"start":{"line":8,"column":4},"end":{"line":10,"column":5}},"type":"if","locations":[{"start":{"line":8,"column":4},"end":{"line":10,"column":5}},{"start":{},"end":{}}],"line":8},"2":{"loc":{"start":{"line":16,"column":16},"end":{"line":16,"column":69}},"type":"binary-expr","locations":[{"start":{"line":16,"column":16},"end":{"line":16,"column":51}},{"start":{"line":16,"column":55},"end":{"line":16,"column":69}}],"line":16},"3":{"loc":{"start":{"line":17,"column":6},"end":{"line":19,"column":7}},"type":"if","locations":[{"start":{"line":17,"column":6},"end":{"line":19,"column":7}},{"start":{},"end":{}}],"line":17},"4":{"loc":{"start":{"line":17,"column":12},"end":{"line":17,"column":41}},"type":"binary-expr","locations":[{"start":{"line":17,"column":12},"end":{"line":17,"column":21}},{"start":{"line":17,"column":25},"end":{"line":17,"column":41}}],"line":17},"5":{"loc":{"start":{"line":18,"column":22},"end":{"line":18,"column":28}},"type":"binary-expr","locations":[{"start":{"line":18,"column":22},"end":{"line":18,"column":23}},{"start":{"line":18,"column":27},"end":{"line":18,"column":28}}],"line":18},"6":{"loc":{"start":{"line":27,"column":2},"end":{"line":37,"column":3}},"type":"if","locations":[{"start":{"line":27,"column":2},"end":{"line":37,"column":3}},{"start":{},"end":{}}],"line":27},"7":{"loc":{"start":{"line":29,"column":16},"end":{"line":29,"column":56}},"type":"binary-expr","locations":[{"start":{"line":29,"column":16},"end":{"line":29,"column":50}},{"start":{"line":29,"column":54},"end":{"line":29,"column":56}}],"line":29},"8":{"loc":{"start":{"line":32,"column":36},"end":{"line":32,"column":56}},"type":"binary-expr","locations":[{"start":{"line":32,"column":36},"end":{"line":32,"column":40}},{"start":{"line":32,"column":44},"end":{"line":32,"column":56}}],"line":32},"9":{"loc":{"start":{"line":34,"column":29},"end":{"line":34,"column":59}},"type":"cond-expr","locations":[{"start":{"line":34,"column":54},"end":{"line":34,"column":55}},{"start":{"line":34,"column":58},"end":{"line":34,"column":59}}],"line":34},"10":{"loc":{"start":{"line":44,"column":27},"end":{"line":44,"column":86}},"type":"binary-expr","locations":[{"start":{"line":44,"column":27},"end":{"line":44,"column":39}},{"start":{"line":44,"column":43},"end":{"line":44,"column":86}}],"line":44},"11":{"loc":{"start":{"line":45,"column":27},"end":{"line":45,"column":58}},"type":"binary-expr","locations":[{"start":{"line":45,"column":27},"end":{"line":45,"column":37}},{"start":{"line":45,"column":41},"end":{"line":45,"column":58}}],"line":45},"12":{"loc":{"start":{"line":46,"column":27},"end":{"line":46,"column":57}},"type":"binary-expr","locations":[{"start":{"line":46,"column":27},"end":{"line":46,"column":37}},{"start":{"line":46,"column":41},"end":{"line":46,"column":57}}],"line":46},"13":{"loc":{"start":{"line":47,"column":11},"end":{"line":47,"column":61}},"type":"binary-expr","locations":[{"start":{"line":47,"column":11},"end":{"line":47,"column":25}},{"start":{"line":47,"column":29},"end":{"line":47,"column":43}},{"start":{"line":47,"column":47},"end":{"line":47,"column":61}}],"line":47},"14":{"loc":{"start":{"line":51,"column":2},"end":{"line":81,"column":3}},"type":"if","locations":[{"start":{"line":51,"column":2},"end":{"line":81,"column":3}},{"start":{},"end":{}}],"line":51},"15":{"loc":{"start":{"line":57,"column":26},"end":{"line":57,"column":101}},"type":"cond-expr","locations":[{"start":{"line":57,"column":48},"end":{"line":57,"column":74}},{"start":{"line":57,"column":77},"end":{"line":57,"column":101}}],"line":57},"16":{"loc":{"start":{"line":58,"column":26},"end":{"line":58,"column":47}},"type":"binary-expr","locations":[{"start":{"line":58,"column":26},"end":{"line":58,"column":35}},{"start":{"line":58,"column":39},"end":{"line":58,"column":47}}],"line":58},"17":{"loc":{"start":{"line":59,"column":8},"end":{"line":61,"column":9}},"type":"if","locations":[{"start":{"line":59,"column":8},"end":{"line":61,"column":9}},{"start":{},"end":{}}],"line":59},"18":{"loc":{"start":{"line":59,"column":14},"end":{"line":59,"column":73}},"type":"binary-expr","locations":[{"start":{"line":59,"column":14},"end":{"line":59,"column":23}},{"start":{"line":59,"column":28},"end":{"line":59,"column":37}},{"start":{"line":59,"column":41},"end":{"line":59,"column":50}},{"start":{"line":59,"column":54},"end":{"line":59,"column":72}}],"line":59},"19":{"loc":{"start":{"line":62,"column":8},"end":{"line":68,"column":9}},"type":"if","locations":[{"start":{"line":62,"column":8},"end":{"line":68,"column":9}},{"start":{"line":64,"column":15},"end":{"line":68,"column":9}}],"line":62},"20":{"loc":{"start":{"line":64,"column":15},"end":{"line":68,"column":9}},"type":"if","locations":[{"start":{"line":64,"column":15},"end":{"line":68,"column":9}},{"start":{"line":66,"column":15},"end":{"line":68,"column":9}}],"line":64},"21":{"loc":{"start":{"line":73,"column":4},"end":{"line":78,"column":5}},"type":"if","locations":[{"start":{"line":73,"column":4},"end":{"line":78,"column":5}},{"start":{},"end":{}}],"line":73},"22":{"loc":{"start":{"line":89,"column":20},"end":{"line":89,"column":99}},"type":"cond-expr","locations":[{"start":{"line":89,"column":52},"end":{"line":89,"column":81}},{"start":{"line":89,"column":84},"end":{"line":89,"column":99}}],"line":89},"23":{"loc":{"start":{"line":93,"column":22},"end":{"line":96,"column":3}},"type":"binary-expr","locations":[{"start":{"line":93,"column":23},"end":{"line":93,"column":54}},{"start":{"line":93,"column":59},"end":{"line":96,"column":3}}],"line":93},"24":{"loc":{"start":{"line":98,"column":23},"end":{"line":101,"column":4}},"type":"binary-expr","locations":[{"start":{"line":98,"column":23},"end":{"line":98,"column":40}},{"start":{"line":98,"column":45},"end":{"line":98,"column":61}},{"start":{"line":98,"column":65},"end":{"line":98,"column":82}},{"start":{"line":98,"column":86},"end":{"line":101,"column":3}}],"line":98}},"s":{"0":10,"1":0,"2":0,"3":0,"4":0,"5":0,"6":0,"7":0,"8":0,"9":0,"10":0,"11":0,"12":0,"13":0,"14":0,"15":0,"16":0,"17":0,"18":10,"19":0,"20":0,"21":0,"22":0,"23":0,"24":0,"25":0,"26":0,"27":0,"28":0,"29":0,"30":0,"31":0,"32":0,"33":0,"34":10,"35":0,"36":0,"37":0,"38":0,"39":0,"40":0,"41":0,"42":0,"43":0,"44":0,"45":0,"46":0,"47":0,"48":0,"49":0,"50":0,"51":0,"52":0,"53":0,"54":0,"55":0,"56":0,"57":0,"58":0,"59":0,"60":0,"61":0,"62":10,"63":0,"64":0,"65":0,"66":0,"67":0,"68":0,"69":0},"f":{"0":0,"1":0,"2":0,"3":0,"4":0,"5":0,"6":0,"7":0,"8":0,"9":0,"10":0,"11":0,"12":0,"13":0,"14":0,"15":0,"16":0},"b":{"0":[0,0],"1":[0,0],"2":[0,0],"3":[0,0],"4":[0,0],"5":[0,0],"6":[0,0],"7":[0,0],"8":[0,0],"9":[0,0],"10":[0,0],"11":[0,0],"12":[0,0],"13":[0,0,0],"14":[0,0],"15":[0,0],"16":[0,0],"17":[0,0],"18":[0,0,0,0],"19":[0,0],"20":[0,0],"21":[0,0],"22":[0,0],"23":[0,0],"24":[0,0,0,0]},"_coverageSchema":"1a1c01bbd47fc00a2c39e90264f33305004495a9","hash":"d9a3c1c7626ef06767ee8844210b3359bd18f2be"}
,"/Users/danleech/Documents/projects/defra-map/src/js/lib/utils.js": {"path":"/Users/danleech/Documents/projects/defra-map/src/js/lib/utils.js","statementMap":{"0":{"start":{"line":1,"column":30},"end":{"line":7,"column":1}},"1":{"start":{"line":2,"column":2},"end":{"line":6,"column":3}},"2":{"start":{"line":3,"column":4},"end":{"line":3,"column":24}},"3":{"start":{"line":5,"column":4},"end":{"line":5,"column":12}},"4":{"start":{"line":9,"column":22},"end":{"line":11,"column":1}},"5":{"start":{"line":10,"column":2},"end":{"line":10,"column":48}},"6":{"start":{"line":13,"column":29},"end":{"line":16,"column":1}},"7":{"start":{"line":14,"column":20},"end":{"line":14,"column":63}},"8":{"start":{"line":15,"column":2},"end":{"line":15,"column":28}},"9":{"start":{"line":18,"column":29},"end":{"line":21,"column":1}},"10":{"start":{"line":19,"column":20},"end":{"line":19,"column":63}},"11":{"start":{"line":20,"column":2},"end":{"line":20,"column":28}}},"fnMap":{"0":{"name":"(anonymous_0)","decl":{"start":{"line":1,"column":30},"end":{"line":1,"column":31}},"loc":{"start":{"line":1,"column":35},"end":{"line":7,"column":1}},"line":1},"1":{"name":"(anonymous_1)","decl":{"start":{"line":9,"column":22},"end":{"line":9,"column":23}},"loc":{"start":{"line":9,"column":32},"end":{"line":11,"column":1}},"line":9},"2":{"name":"(anonymous_2)","decl":{"start":{"line":13,"column":29},"end":{"line":13,"column":30}},"loc":{"start":{"line":13,"column":39},"end":{"line":16,"column":1}},"line":13},"3":{"name":"(anonymous_3)","decl":{"start":{"line":18,"column":29},"end":{"line":18,"column":30}},"loc":{"start":{"line":18,"column":39},"end":{"line":21,"column":1}},"line":18}},"branchMap":{},"s":{"0":15,"1":2,"2":2,"3":2,"4":15,"5":1,"6":15,"7":1,"8":1,"9":15,"10":1,"11":1},"f":{"0":2,"1":1,"2":1,"3":1},"b":{},"_coverageSchema":"1a1c01bbd47fc00a2c39e90264f33305004495a9","hash":"4d406a1ee241c0b27c0c2a40c5f7ce15601d30ee"}
,"/Users/danleech/Documents/projects/defra-map/src/js/lib/viewport.js": {"path":"/Users/danleech/Documents/projects/defra-map/src/js/lib/viewport.js","statementMap":{"0":{"start":{"line":3,"column":31},"end":{"line":16,"column":1}},"1":{"start":{"line":5,"column":2},"end":{"line":14,"column":3}},"2":{"start":{"line":6,"column":19},"end":{"line":6,"column":67}},"3":{"start":{"line":7,"column":16},"end":{"line":7,"column":42}},"4":{"start":{"line":8,"column":4},"end":{"line":13,"column":5}},"5":{"start":{"line":15,"column":2},"end":{"line":15,"column":16}},"6":{"start":{"line":18,"column":30},"end":{"line":33,"column":1}},"7":{"start":{"line":20,"column":2},"end":{"line":31,"column":3}},"8":{"start":{"line":21,"column":19},"end":{"line":21,"column":67}},"9":{"start":{"line":22,"column":16},"end":{"line":22,"column":42}},"10":{"start":{"line":23,"column":14},"end":{"line":23,"column":16}},"11":{"start":{"line":24,"column":4},"end":{"line":30,"column":6}},"12":{"start":{"line":32,"column":2},"end":{"line":32,"column":15}},"13":{"start":{"line":35,"column":27},"end":{"line":39,"column":1}},"14":{"start":{"line":36,"column":63},"end":{"line":36,"column":66}},"15":{"start":{"line":37,"column":16},"end":{"line":37,"column":100}},"16":{"start":{"line":38,"column":2},"end":{"line":38,"column":14}},"17":{"start":{"line":41,"column":27},"end":{"line":54,"column":1}},"18":{"start":{"line":43,"column":2},"end":{"line":52,"column":3}},"19":{"start":{"line":44,"column":14},"end":{"line":44,"column":45}},"20":{"start":{"line":45,"column":14},"end":{"line":45,"column":45}},"21":{"start":{"line":46,"column":17},"end":{"line":46,"column":63}},"22":{"start":{"line":47,"column":4},"end":{"line":47,"column":19}},"23":{"start":{"line":49,"column":15},"end":{"line":49,"column":47}},"24":{"start":{"line":50,"column":15},"end":{"line":50,"column":47}},"25":{"start":{"line":51,"column":4},"end":{"line":51,"column":32}},"26":{"start":{"line":53,"column":2},"end":{"line":53,"column":29}},"27":{"start":{"line":56,"column":24},"end":{"line":69,"column":1}},"28":{"start":{"line":57,"column":21},"end":{"line":57,"column":24}},"29":{"start":{"line":58,"column":20},"end":{"line":58,"column":24}},"30":{"start":{"line":59,"column":16},"end":{"line":59,"column":24}},"31":{"start":{"line":61,"column":2},"end":{"line":67,"column":3}},"32":{"start":{"line":62,"column":4},"end":{"line":62,"column":30}},"33":{"start":{"line":63,"column":9},"end":{"line":67,"column":3}},"34":{"start":{"line":64,"column":4},"end":{"line":64,"column":57}},"35":{"start":{"line":66,"column":4},"end":{"line":66,"column":58}},"36":{"start":{"line":68,"column":2},"end":{"line":68,"column":14}},"37":{"start":{"line":71,"column":19},"end":{"line":77,"column":1}},"38":{"start":{"line":72,"column":15},"end":{"line":72,"column":46}},"39":{"start":{"line":73,"column":15},"end":{"line":73,"column":46}},"40":{"start":{"line":74,"column":16},"end":{"line":74,"column":48}},"41":{"start":{"line":75,"column":16},"end":{"line":75,"column":48}},"42":{"start":{"line":76,"column":2},"end":{"line":76,"column":75}},"43":{"start":{"line":76,"column":48},"end":{"line":76,"column":74}},"44":{"start":{"line":79,"column":28},"end":{"line":94,"column":1}},"45":{"start":{"line":80,"column":2},"end":{"line":80,"column":86}},"46":{"start":{"line":80,"column":27},"end":{"line":80,"column":85}},"47":{"start":{"line":81,"column":2},"end":{"line":81,"column":86}},"48":{"start":{"line":81,"column":27},"end":{"line":81,"column":85}},"49":{"start":{"line":82,"column":14},"end":{"line":82,"column":36}},"50":{"start":{"line":83,"column":14},"end":{"line":83,"column":36}},"51":{"start":{"line":84,"column":14},"end":{"line":84,"column":36}},"52":{"start":{"line":85,"column":14},"end":{"line":85,"column":36}},"53":{"start":{"line":86,"column":14},"end":{"line":86,"column":35}},"54":{"start":{"line":87,"column":14},"end":{"line":87,"column":35}},"55":{"start":{"line":88,"column":18},"end":{"line":88,"column":44}},"56":{"start":{"line":89,"column":14},"end":{"line":89,"column":72}},"57":{"start":{"line":89,"column":34},"end":{"line":89,"column":62}},"58":{"start":{"line":90,"column":14},"end":{"line":90,"column":74}},"59":{"start":{"line":90,"column":34},"end":{"line":90,"column":64}},"60":{"start":{"line":91,"column":13},"end":{"line":91,"column":49}},"61":{"start":{"line":92,"column":13},"end":{"line":92,"column":49}},"62":{"start":{"line":93,"column":2},"end":{"line":93,"column":43}},"63":{"start":{"line":96,"column":23},"end":{"line":100,"column":1}},"64":{"start":{"line":97,"column":13},"end":{"line":97,"column":64}},"65":{"start":{"line":98,"column":13},"end":{"line":98,"column":64}},"66":{"start":{"line":99,"column":2},"end":{"line":99,"column":45}},"67":{"start":{"line":102,"column":31},"end":{"line":119,"column":1}},"68":{"start":{"line":103,"column":23},"end":{"line":103,"column":73}},"69":{"start":{"line":104,"column":21},"end":{"line":104,"column":35}},"70":{"start":{"line":105,"column":17},"end":{"line":105,"column":66}},"71":{"start":{"line":107,"column":2},"end":{"line":117,"column":3}},"72":{"start":{"line":108,"column":4},"end":{"line":115,"column":5}},"73":{"start":{"line":109,"column":6},"end":{"line":109,"column":25}},"74":{"start":{"line":110,"column":11},"end":{"line":115,"column":5}},"75":{"start":{"line":111,"column":6},"end":{"line":111,"column":49}},"76":{"start":{"line":113,"column":24},"end":{"line":113,"column":51}},"77":{"start":{"line":114,"column":6},"end":{"line":114,"column":62}},"78":{"start":{"line":116,"column":4},"end":{"line":116,"column":59}},"79":{"start":{"line":118,"column":2},"end":{"line":118,"column":15}},"80":{"start":{"line":121,"column":30},"end":{"line":145,"column":1}},"81":{"start":{"line":122,"column":91},"end":{"line":122,"column":99}},"82":{"start":{"line":123,"column":13},"end":{"line":123,"column":15}},"83":{"start":{"line":125,"column":2},"end":{"line":135,"column":3}},"84":{"start":{"line":126,"column":4},"end":{"line":126,"column":83}},"85":{"start":{"line":127,"column":9},"end":{"line":135,"column":3}},"86":{"start":{"line":128,"column":4},"end":{"line":128,"column":42}},"87":{"start":{"line":129,"column":9},"end":{"line":135,"column":3}},"88":{"start":{"line":130,"column":4},"end":{"line":130,"column":45}},"89":{"start":{"line":131,"column":9},"end":{"line":135,"column":3}},"90":{"start":{"line":132,"column":4},"end":{"line":132,"column":41}},"91":{"start":{"line":138,"column":2},"end":{"line":142,"column":3}},"92":{"start":{"line":139,"column":4},"end":{"line":139,"column":76}},"93":{"start":{"line":141,"column":4},"end":{"line":141,"column":70}},"94":{"start":{"line":144,"column":2},"end":{"line":144,"column":87}},"95":{"start":{"line":147,"column":25},"end":{"line":157,"column":1}},"96":{"start":{"line":148,"column":15},"end":{"line":148,"column":19}},"97":{"start":{"line":149,"column":2},"end":{"line":155,"column":3}},"98":{"start":{"line":150,"column":4},"end":{"line":154,"column":5}},"99":{"start":{"line":151,"column":6},"end":{"line":151,"column":26}},"100":{"start":{"line":153,"column":6},"end":{"line":153,"column":24}},"101":{"start":{"line":156,"column":2},"end":{"line":156,"column":15}},"102":{"start":{"line":159,"column":24},"end":{"line":169,"column":1}},"103":{"start":{"line":161,"column":2},"end":{"line":167,"column":3}},"104":{"start":{"line":162,"column":4},"end":{"line":166,"column":5}},"105":{"start":{"line":163,"column":6},"end":{"line":163,"column":20}},"106":{"start":{"line":165,"column":6},"end":{"line":165,"column":22}},"107":{"start":{"line":168,"column":2},"end":{"line":168,"column":14}},"108":{"start":{"line":171,"column":27},"end":{"line":173,"column":1}},"109":{"start":{"line":172,"column":2},"end":{"line":172,"column":62}},"110":{"start":{"line":172,"column":48},"end":{"line":172,"column":61}},"111":{"start":{"line":175,"column":25},"end":{"line":177,"column":1}},"112":{"start":{"line":176,"column":2},"end":{"line":176,"column":41}},"113":{"start":{"line":179,"column":26},"end":{"line":190,"column":1}},"114":{"start":{"line":180,"column":13},"end":{"line":180,"column":51}},"115":{"start":{"line":181,"column":24},"end":{"line":181,"column":41}},"116":{"start":{"line":182,"column":19},"end":{"line":182,"column":36}},"117":{"start":{"line":183,"column":23},"end":{"line":183,"column":52}},"118":{"start":{"line":184,"column":2},"end":{"line":186,"column":3}},"119":{"start":{"line":185,"column":4},"end":{"line":185,"column":45}},"120":{"start":{"line":187,"column":18},"end":{"line":187,"column":35}},"121":{"start":{"line":188,"column":16},"end":{"line":188,"column":47}},"122":{"start":{"line":189,"column":2},"end":{"line":189,"column":25}},"123":{"start":{"line":192,"column":32},"end":{"line":196,"column":1}},"124":{"start":{"line":193,"column":19},"end":{"line":193,"column":58}},"125":{"start":{"line":194,"column":19},"end":{"line":194,"column":56}},"126":{"start":{"line":195,"column":2},"end":{"line":195,"column":49}},"127":{"start":{"line":198,"column":33},"end":{"line":205,"column":1}},"128":{"start":{"line":199,"column":16},"end":{"line":199,"column":41}},"129":{"start":{"line":200,"column":18},"end":{"line":200,"column":86}},"130":{"start":{"line":201,"column":17},"end":{"line":203,"column":3}},"131":{"start":{"line":204,"column":2},"end":{"line":204,"column":15}},"132":{"start":{"line":207,"column":30},"end":{"line":212,"column":1}},"133":{"start":{"line":208,"column":17},"end":{"line":208,"column":33}},"134":{"start":{"line":209,"column":21},"end":{"line":209,"column":64}},"135":{"start":{"line":210,"column":13},"end":{"line":210,"column":71}},"136":{"start":{"line":211,"column":2},"end":{"line":211,"column":11}},"137":{"start":{"line":214,"column":31},"end":{"line":218,"column":1}},"138":{"start":{"line":215,"column":17},"end":{"line":215,"column":45}},"139":{"start":{"line":216,"column":21},"end":{"line":216,"column":56}},"140":{"start":{"line":217,"column":2},"end":{"line":217,"column":32}}},"fnMap":{"0":{"name":"(anonymous_0)","decl":{"start":{"line":3,"column":31},"end":{"line":3,"column":32}},"loc":{"start":{"line":3,"column":46},"end":{"line":16,"column":1}},"line":3},"1":{"name":"(anonymous_1)","decl":{"start":{"line":18,"column":30},"end":{"line":18,"column":31}},"loc":{"start":{"line":18,"column":45},"end":{"line":33,"column":1}},"line":18},"2":{"name":"(anonymous_2)","decl":{"start":{"line":35,"column":27},"end":{"line":35,"column":28}},"loc":{"start":{"line":35,"column":43},"end":{"line":39,"column":1}},"line":35},"3":{"name":"(anonymous_3)","decl":{"start":{"line":41,"column":27},"end":{"line":41,"column":28}},"loc":{"start":{"line":41,"column":47},"end":{"line":54,"column":1}},"line":41},"4":{"name":"(anonymous_4)","decl":{"start":{"line":56,"column":24},"end":{"line":56,"column":25}},"loc":{"start":{"line":56,"column":36},"end":{"line":69,"column":1}},"line":56},"5":{"name":"(anonymous_5)","decl":{"start":{"line":71,"column":19},"end":{"line":71,"column":20}},"loc":{"start":{"line":71,"column":39},"end":{"line":77,"column":1}},"line":71},"6":{"name":"(anonymous_6)","decl":{"start":{"line":76,"column":43},"end":{"line":76,"column":44}},"loc":{"start":{"line":76,"column":48},"end":{"line":76,"column":74}},"line":76},"7":{"name":"(anonymous_7)","decl":{"start":{"line":79,"column":28},"end":{"line":79,"column":29}},"loc":{"start":{"line":79,"column":48},"end":{"line":94,"column":1}},"line":79},"8":{"name":"(anonymous_8)","decl":{"start":{"line":80,"column":22},"end":{"line":80,"column":23}},"loc":{"start":{"line":80,"column":27},"end":{"line":80,"column":85}},"line":80},"9":{"name":"(anonymous_9)","decl":{"start":{"line":81,"column":22},"end":{"line":81,"column":23}},"loc":{"start":{"line":81,"column":27},"end":{"line":81,"column":85}},"line":81},"10":{"name":"(anonymous_10)","decl":{"start":{"line":89,"column":29},"end":{"line":89,"column":30}},"loc":{"start":{"line":89,"column":34},"end":{"line":89,"column":62}},"line":89},"11":{"name":"(anonymous_11)","decl":{"start":{"line":90,"column":29},"end":{"line":90,"column":30}},"loc":{"start":{"line":90,"column":34},"end":{"line":90,"column":64}},"line":90},"12":{"name":"(anonymous_12)","decl":{"start":{"line":96,"column":23},"end":{"line":96,"column":24}},"loc":{"start":{"line":96,"column":33},"end":{"line":100,"column":1}},"line":96},"13":{"name":"(anonymous_13)","decl":{"start":{"line":102,"column":31},"end":{"line":102,"column":32}},"loc":{"start":{"line":102,"column":71},"end":{"line":119,"column":1}},"line":102},"14":{"name":"(anonymous_14)","decl":{"start":{"line":121,"column":30},"end":{"line":121,"column":31}},"loc":{"start":{"line":121,"column":65},"end":{"line":145,"column":1}},"line":121},"15":{"name":"(anonymous_15)","decl":{"start":{"line":147,"column":25},"end":{"line":147,"column":26}},"loc":{"start":{"line":147,"column":81},"end":{"line":157,"column":1}},"line":147},"16":{"name":"(anonymous_16)","decl":{"start":{"line":159,"column":24},"end":{"line":159,"column":25}},"loc":{"start":{"line":159,"column":71},"end":{"line":169,"column":1}},"line":159},"17":{"name":"(anonymous_17)","decl":{"start":{"line":171,"column":27},"end":{"line":171,"column":28}},"loc":{"start":{"line":171,"column":36},"end":{"line":173,"column":1}},"line":171},"18":{"name":"(anonymous_18)","decl":{"start":{"line":172,"column":43},"end":{"line":172,"column":44}},"loc":{"start":{"line":172,"column":48},"end":{"line":172,"column":61}},"line":172},"19":{"name":"(anonymous_19)","decl":{"start":{"line":175,"column":25},"end":{"line":175,"column":26}},"loc":{"start":{"line":175,"column":34},"end":{"line":177,"column":1}},"line":175},"20":{"name":"(anonymous_20)","decl":{"start":{"line":179,"column":26},"end":{"line":179,"column":27}},"loc":{"start":{"line":179,"column":42},"end":{"line":190,"column":1}},"line":179},"21":{"name":"(anonymous_21)","decl":{"start":{"line":192,"column":32},"end":{"line":192,"column":33}},"loc":{"start":{"line":192,"column":57},"end":{"line":196,"column":1}},"line":192},"22":{"name":"(anonymous_22)","decl":{"start":{"line":198,"column":33},"end":{"line":198,"column":34}},"loc":{"start":{"line":198,"column":64},"end":{"line":205,"column":1}},"line":198},"23":{"name":"(anonymous_23)","decl":{"start":{"line":207,"column":30},"end":{"line":207,"column":31}},"loc":{"start":{"line":207,"column":55},"end":{"line":212,"column":1}},"line":207},"24":{"name":"(anonymous_24)","decl":{"start":{"line":214,"column":31},"end":{"line":214,"column":32}},"loc":{"start":{"line":214,"column":44},"end":{"line":218,"column":1}},"line":214}},"branchMap":{"0":{"loc":{"start":{"line":5,"column":2},"end":{"line":14,"column":3}},"type":"if","locations":[{"start":{"line":5,"column":2},"end":{"line":14,"column":3}},{"start":{},"end":{}}],"line":5},"1":{"loc":{"start":{"line":9,"column":13},"end":{"line":9,"column":29}},"type":"binary-expr","locations":[{"start":{"line":9,"column":13},"end":{"line":9,"column":18}},{"start":{"line":9,"column":22},"end":{"line":9,"column":29}}],"line":9},"2":{"loc":{"start":{"line":9,"column":34},"end":{"line":9,"column":56}},"type":"binary-expr","locations":[{"start":{"line":9,"column":34},"end":{"line":9,"column":42}},{"start":{"line":9,"column":46},"end":{"line":9,"column":56}}],"line":9},"3":{"loc":{"start":{"line":10,"column":14},"end":{"line":10,"column":31}},"type":"binary-expr","locations":[{"start":{"line":10,"column":14},"end":{"line":10,"column":19}},{"start":{"line":10,"column":23},"end":{"line":10,"column":31}}],"line":10},"4":{"loc":{"start":{"line":10,"column":36},"end":{"line":10,"column":59}},"type":"binary-expr","locations":[{"start":{"line":10,"column":36},"end":{"line":10,"column":44}},{"start":{"line":10,"column":48},"end":{"line":10,"column":59}}],"line":10},"5":{"loc":{"start":{"line":11,"column":43},"end":{"line":11,"column":60}},"type":"binary-expr","locations":[{"start":{"line":11,"column":43},"end":{"line":11,"column":48}},{"start":{"line":11,"column":52},"end":{"line":11,"column":60}}],"line":11},"6":{"loc":{"start":{"line":11,"column":65},"end":{"line":11,"column":88}},"type":"binary-expr","locations":[{"start":{"line":11,"column":65},"end":{"line":11,"column":73}},{"start":{"line":11,"column":77},"end":{"line":11,"column":88}}],"line":11},"7":{"loc":{"start":{"line":12,"column":46},"end":{"line":12,"column":62}},"type":"binary-expr","locations":[{"start":{"line":12,"column":46},"end":{"line":12,"column":51}},{"start":{"line":12,"column":55},"end":{"line":12,"column":62}}],"line":12},"8":{"loc":{"start":{"line":12,"column":67},"end":{"line":12,"column":89}},"type":"binary-expr","locations":[{"start":{"line":12,"column":67},"end":{"line":12,"column":75}},{"start":{"line":12,"column":79},"end":{"line":12,"column":89}}],"line":12},"9":{"loc":{"start":{"line":20,"column":2},"end":{"line":31,"column":3}},"type":"if","locations":[{"start":{"line":20,"column":2},"end":{"line":31,"column":3}},{"start":{},"end":{}}],"line":20},"10":{"loc":{"start":{"line":25,"column":8},"end":{"line":25,"column":25}},"type":"binary-expr","locations":[{"start":{"line":25,"column":8},"end":{"line":25,"column":13}},{"start":{"line":25,"column":17},"end":{"line":25,"column":25}}],"line":25},"11":{"loc":{"start":{"line":25,"column":30},"end":{"line":25,"column":53}},"type":"binary-expr","locations":[{"start":{"line":25,"column":30},"end":{"line":25,"column":38}},{"start":{"line":25,"column":42},"end":{"line":25,"column":53}}],"line":25},"12":{"loc":{"start":{"line":26,"column":9},"end":{"line":26,"column":25}},"type":"binary-expr","locations":[{"start":{"line":26,"column":9},"end":{"line":26,"column":14}},{"start":{"line":26,"column":18},"end":{"line":26,"column":25}}],"line":26},"13":{"loc":{"start":{"line":26,"column":30},"end":{"line":26,"column":52}},"type":"binary-expr","locations":[{"start":{"line":26,"column":30},"end":{"line":26,"column":38}},{"start":{"line":26,"column":42},"end":{"line":26,"column":52}}],"line":26},"14":{"loc":{"start":{"line":28,"column":21},"end":{"line":28,"column":38}},"type":"binary-expr","locations":[{"start":{"line":28,"column":21},"end":{"line":28,"column":26}},{"start":{"line":28,"column":30},"end":{"line":28,"column":38}}],"line":28},"15":{"loc":{"start":{"line":28,"column":43},"end":{"line":28,"column":66}},"type":"binary-expr","locations":[{"start":{"line":28,"column":43},"end":{"line":28,"column":51}},{"start":{"line":28,"column":55},"end":{"line":28,"column":66}}],"line":28},"16":{"loc":{"start":{"line":29,"column":8},"end":{"line":29,"column":24}},"type":"binary-expr","locations":[{"start":{"line":29,"column":8},"end":{"line":29,"column":13}},{"start":{"line":29,"column":17},"end":{"line":29,"column":24}}],"line":29},"17":{"loc":{"start":{"line":29,"column":29},"end":{"line":29,"column":51}},"type":"binary-expr","locations":[{"start":{"line":29,"column":29},"end":{"line":29,"column":37}},{"start":{"line":29,"column":41},"end":{"line":29,"column":51}}],"line":29},"18":{"loc":{"start":{"line":43,"column":2},"end":{"line":52,"column":3}},"type":"if","locations":[{"start":{"line":43,"column":2},"end":{"line":52,"column":3}},{"start":{"line":48,"column":9},"end":{"line":52,"column":3}}],"line":43},"19":{"loc":{"start":{"line":61,"column":2},"end":{"line":67,"column":3}},"type":"if","locations":[{"start":{"line":61,"column":2},"end":{"line":67,"column":3}},{"start":{"line":63,"column":9},"end":{"line":67,"column":3}}],"line":61},"20":{"loc":{"start":{"line":63,"column":9},"end":{"line":67,"column":3}},"type":"if","locations":[{"start":{"line":63,"column":9},"end":{"line":67,"column":3}},{"start":{"line":65,"column":9},"end":{"line":67,"column":3}}],"line":63},"21":{"loc":{"start":{"line":72,"column":15},"end":{"line":72,"column":46}},"type":"binary-expr","locations":[{"start":{"line":72,"column":15},"end":{"line":72,"column":36}},{"start":{"line":72,"column":40},"end":{"line":72,"column":46}}],"line":72},"22":{"loc":{"start":{"line":73,"column":15},"end":{"line":73,"column":46}},"type":"binary-expr","locations":[{"start":{"line":73,"column":15},"end":{"line":73,"column":36}},{"start":{"line":73,"column":40},"end":{"line":73,"column":46}}],"line":73},"23":{"loc":{"start":{"line":74,"column":16},"end":{"line":74,"column":48}},"type":"binary-expr","locations":[{"start":{"line":74,"column":16},"end":{"line":74,"column":37}},{"start":{"line":74,"column":41},"end":{"line":74,"column":48}}],"line":74},"24":{"loc":{"start":{"line":75,"column":16},"end":{"line":75,"column":48}},"type":"binary-expr","locations":[{"start":{"line":75,"column":16},"end":{"line":75,"column":37}},{"start":{"line":75,"column":41},"end":{"line":75,"column":48}}],"line":75},"25":{"loc":{"start":{"line":76,"column":48},"end":{"line":76,"column":74}},"type":"binary-expr","locations":[{"start":{"line":76,"column":48},"end":{"line":76,"column":49}},{"start":{"line":76,"column":53},"end":{"line":76,"column":74}}],"line":76},"26":{"loc":{"start":{"line":80,"column":27},"end":{"line":80,"column":85}},"type":"cond-expr","locations":[{"start":{"line":80,"column":38},"end":{"line":80,"column":51}},{"start":{"line":80,"column":54},"end":{"line":80,"column":85}}],"line":80},"27":{"loc":{"start":{"line":81,"column":27},"end":{"line":81,"column":85}},"type":"cond-expr","locations":[{"start":{"line":81,"column":38},"end":{"line":81,"column":51}},{"start":{"line":81,"column":54},"end":{"line":81,"column":85}}],"line":81},"28":{"loc":{"start":{"line":91,"column":13},"end":{"line":91,"column":49}},"type":"cond-expr","locations":[{"start":{"line":91,"column":19},"end":{"line":91,"column":44}},{"start":{"line":91,"column":47},"end":{"line":91,"column":49}}],"line":91},"29":{"loc":{"start":{"line":92,"column":13},"end":{"line":92,"column":49}},"type":"cond-expr","locations":[{"start":{"line":92,"column":19},"end":{"line":92,"column":44}},{"start":{"line":92,"column":47},"end":{"line":92,"column":49}}],"line":92},"30":{"loc":{"start":{"line":93,"column":15},"end":{"line":93,"column":37}},"type":"cond-expr","locations":[{"start":{"line":93,"column":28},"end":{"line":93,"column":32}},{"start":{"line":93,"column":35},"end":{"line":93,"column":37}}],"line":93},"31":{"loc":{"start":{"line":93,"column":15},"end":{"line":93,"column":25}},"type":"binary-expr","locations":[{"start":{"line":93,"column":15},"end":{"line":93,"column":18}},{"start":{"line":93,"column":22},"end":{"line":93,"column":25}}],"line":93},"32":{"loc":{"start":{"line":105,"column":17},"end":{"line":105,"column":66}},"type":"binary-expr","locations":[{"start":{"line":105,"column":17},"end":{"line":105,"column":24}},{"start":{"line":105,"column":28},"end":{"line":105,"column":33}},{"start":{"line":105,"column":37},"end":{"line":105,"column":66}}],"line":105},"33":{"loc":{"start":{"line":105,"column":39},"end":{"line":105,"column":65}},"type":"binary-expr","locations":[{"start":{"line":105,"column":39},"end":{"line":105,"column":51}},{"start":{"line":105,"column":55},"end":{"line":105,"column":65}}],"line":105},"34":{"loc":{"start":{"line":107,"column":2},"end":{"line":117,"column":3}},"type":"if","locations":[{"start":{"line":107,"column":2},"end":{"line":117,"column":3}},{"start":{},"end":{}}],"line":107},"35":{"loc":{"start":{"line":108,"column":4},"end":{"line":115,"column":5}},"type":"if","locations":[{"start":{"line":108,"column":4},"end":{"line":115,"column":5}},{"start":{"line":110,"column":11},"end":{"line":115,"column":5}}],"line":108},"36":{"loc":{"start":{"line":108,"column":8},"end":{"line":108,"column":36}},"type":"binary-expr","locations":[{"start":{"line":108,"column":8},"end":{"line":108,"column":21}},{"start":{"line":108,"column":25},"end":{"line":108,"column":36}}],"line":108},"37":{"loc":{"start":{"line":110,"column":11},"end":{"line":115,"column":5}},"type":"if","locations":[{"start":{"line":110,"column":11},"end":{"line":115,"column":5}},{"start":{"line":112,"column":11},"end":{"line":115,"column":5}}],"line":110},"38":{"loc":{"start":{"line":113,"column":24},"end":{"line":113,"column":51}},"type":"cond-expr","locations":[{"start":{"line":113,"column":39},"end":{"line":113,"column":43}},{"start":{"line":113,"column":46},"end":{"line":113,"column":51}}],"line":113},"39":{"loc":{"start":{"line":125,"column":2},"end":{"line":135,"column":3}},"type":"if","locations":[{"start":{"line":125,"column":2},"end":{"line":135,"column":3}},{"start":{"line":127,"column":9},"end":{"line":135,"column":3}}],"line":125},"40":{"loc":{"start":{"line":126,"column":38},"end":{"line":126,"column":68}},"type":"cond-expr","locations":[{"start":{"line":126,"column":60},"end":{"line":126,"column":62}},{"start":{"line":126,"column":65},"end":{"line":126,"column":68}}],"line":126},"41":{"loc":{"start":{"line":127,"column":9},"end":{"line":135,"column":3}},"type":"if","locations":[{"start":{"line":127,"column":9},"end":{"line":135,"column":3}},{"start":{"line":129,"column":9},"end":{"line":135,"column":3}}],"line":127},"42":{"loc":{"start":{"line":129,"column":9},"end":{"line":135,"column":3}},"type":"if","locations":[{"start":{"line":129,"column":9},"end":{"line":135,"column":3}},{"start":{"line":131,"column":9},"end":{"line":135,"column":3}}],"line":129},"43":{"loc":{"start":{"line":131,"column":9},"end":{"line":135,"column":3}},"type":"if","locations":[{"start":{"line":131,"column":9},"end":{"line":135,"column":3}},{"start":{"line":133,"column":9},"end":{"line":135,"column":3}}],"line":131},"44":{"loc":{"start":{"line":138,"column":2},"end":{"line":142,"column":3}},"type":"if","locations":[{"start":{"line":138,"column":2},"end":{"line":142,"column":3}},{"start":{"line":140,"column":9},"end":{"line":142,"column":3}}],"line":138},"45":{"loc":{"start":{"line":144,"column":35},"end":{"line":144,"column":49}},"type":"binary-expr","locations":[{"start":{"line":144,"column":35},"end":{"line":144,"column":40}},{"start":{"line":144,"column":44},"end":{"line":144,"column":49}}],"line":144},"46":{"loc":{"start":{"line":149,"column":2},"end":{"line":155,"column":3}},"type":"if","locations":[{"start":{"line":149,"column":2},"end":{"line":155,"column":3}},{"start":{},"end":{}}],"line":149},"47":{"loc":{"start":{"line":149,"column":6},"end":{"line":149,"column":27}},"type":"binary-expr","locations":[{"start":{"line":149,"column":6},"end":{"line":149,"column":15}},{"start":{"line":149,"column":19},"end":{"line":149,"column":27}}],"line":149},"48":{"loc":{"start":{"line":150,"column":4},"end":{"line":154,"column":5}},"type":"if","locations":[{"start":{"line":150,"column":4},"end":{"line":154,"column":5}},{"start":{"line":152,"column":11},"end":{"line":154,"column":5}}],"line":150},"49":{"loc":{"start":{"line":161,"column":2},"end":{"line":167,"column":3}},"type":"if","locations":[{"start":{"line":161,"column":2},"end":{"line":167,"column":3}},{"start":{},"end":{}}],"line":161},"50":{"loc":{"start":{"line":162,"column":4},"end":{"line":166,"column":5}},"type":"if","locations":[{"start":{"line":162,"column":4},"end":{"line":166,"column":5}},{"start":{"line":164,"column":11},"end":{"line":166,"column":5}}],"line":162},"51":{"loc":{"start":{"line":183,"column":23},"end":{"line":183,"column":52}},"type":"cond-expr","locations":[{"start":{"line":183,"column":36},"end":{"line":183,"column":42}},{"start":{"line":183,"column":45},"end":{"line":183,"column":52}}],"line":183},"52":{"loc":{"start":{"line":184,"column":2},"end":{"line":186,"column":3}},"type":"if","locations":[{"start":{"line":184,"column":2},"end":{"line":186,"column":3}},{"start":{},"end":{}}],"line":184},"53":{"loc":{"start":{"line":184,"column":6},"end":{"line":184,"column":78}},"type":"binary-expr","locations":[{"start":{"line":184,"column":6},"end":{"line":184,"column":36}},{"start":{"
[...]
,"/Users/danleech/Documents/projects/defra-map/src/js/store/constants.js": {"path":"/Users/danleech/Documents/projects/defra-map/src/js/store/constants.js","statementMap":{"0":{"start":{"line":1,"column":22},"end":{"line":17,"column":1}},"1":{"start":{"line":19,"column":24},"end":{"line":22,"column":1}},"2":{"start":{"line":24,"column":24},"end":{"line":71,"column":1}},"3":{"start":{"line":73,"column":23},"end":{"line":87,"column":1}},"4":{"start":{"line":89,"column":22},"end":{"line":93,"column":1}},"5":{"start":{"line":95,"column":22},"end":{"line":97,"column":1}}},"fnMap":{},"branchMap":{},"s":{"0":16,"1":16,"2":16,"3":16,"4":16,"5":16},"f":{},"b":{},"_coverageSchema":"1a1c01bbd47fc00a2c39e90264f33305004495a9","hash":"20acdbf11e6a0be05f5947d79aece5f130a4ed28"}
,"/Users/danleech/Documents/projects/defra-map/src/js/store/use-app.js": {"path":"/Users/danleech/Documents/projects/defra-map/src/js/store/use-app.js","statementMap":{"0":{"start":{"line":5,"column":22},"end":{"line":5,"column":50}},"1":{"start":{"line":5,"column":28},"end":{"line":5,"column":50}}},"fnMap":{"0":{"name":"(anonymous_0)","decl":{"start":{"line":5,"column":22},"end":{"line":5,"column":23}},"loc":{"start":{"line":5,"column":28},"end":{"line":5,"column":50}},"line":5}},"branchMap":{},"s":{"0":10,"1":0},"f":{"0":0},"b":{},"_coverageSchema":"1a1c01bbd47fc00a2c39e90264f33305004495a9","hash":"f3e37f33337a236f23dd0116b831635b7293e15f"}
,"/Users/danleech/Documents/projects/defra-map/src/js/store/use-viewport.js": {"path":"/Users/danleech/Documents/projects/defra-map/src/js/store/use-viewport.js","statementMap":{"0":{"start":{"line":5,"column":27},"end":{"line":5,"column":60}},"1":{"start":{"line":5,"column":33},"end":{"line":5,"column":60}}},"fnMap":{"0":{"name":"(anonymous_0)","decl":{"start":{"line":5,"column":27},"end":{"line":5,"column":28}},"loc":{"start":{"line":5,"column":33},"end":{"line":5,"column":60}},"line":5}},"branchMap":{},"s":{"0":4,"1":0},"f":{"0":0},"b":{},"_coverageSchema":"1a1c01bbd47fc00a2c39e90264f33305004495a9","hash":"2e2adc561455423e1c338ed413f70f81aa535c70"}
,"/Users/danleech/Documents/projects/defra-map/src/js/store/viewport-actions-map.js": {"path":"/Users/danleech/Documents/projects/defra-map/src/js/store/viewport-actions-map.js","statementMap":{"0":{"start":{"line":5,"column":15},"end":{"line":31,"column":1}},"1":{"start":{"line":6,"column":53},"end":{"line":6,"column":58}},"2":{"start":{"line":7,"column":43},"end":{"line":7,"column":50}},"3":{"start":{"line":8,"column":16},"end":{"line":8,"column":70}},"4":{"start":{"line":9,"column":22},"end":{"line":9,"column":67}},"5":{"start":{"line":10,"column":19},"end":{"line":10,"column":86}},"6":{"start":{"line":11,"column":20},"end":{"line":11,"column":79}},"7":{"start":{"line":12,"column":19},"end":{"line":12,"column":38}},"8":{"start":{"line":13,"column":27},"end":{"line":13,"column":62}},"9":{"start":{"line":14,"column":19},"end":{"line":14,"column":60}},"10":{"start":{"line":15,"column":20},"end":{"line":15,"column":81}},"11":{"start":{"line":16,"column":17},"end":{"line":16,"column":94}},"12":{"start":{"line":17,"column":2},"end":{"line":30,"column":3}},"13":{"start":{"line":33,"column":20},"end":{"line":43,"column":1}},"14":{"start":{"line":34,"column":37},"end":{"line":34,"column":42}},"15":{"start":{"line":35,"column":17},"end":{"line":35,"column":64}},"16":{"start":{"line":36,"column":2},"end":{"line":42,"column":3}},"17":{"start":{"line":45,"column":21},"end":{"line":51,"column":1}},"18":{"start":{"line":46,"column":2},"end":{"line":50,"column":3}},"19":{"start":{"line":53,"column":18},"end":{"line":62,"column":1}},"20":{"start":{"line":54,"column":2},"end":{"line":61,"column":3}},"21":{"start":{"line":64,"column":14},"end":{"line":71,"column":1}},"22":{"start":{"line":65,"column":2},"end":{"line":70,"column":3}},"23":{"start":{"line":73,"column":15},"end":{"line":86,"column":1}},"24":{"start":{"line":74,"column":2},"end":{"line":85,"column":3}},"25":{"start":{"line":88,"column":15},"end":{"line":99,"column":1}},"26":{"start":{"line":89,"column":2},"end":{"line":98,"column":3}},"27":{"start":{"line":101,"column":15},"end":{"line":107,"column":1}},"28":{"start":{"line":102,"column":2},"end":{"line":106,"column":3}},"29":{"start":{"line":109,"column":16},"end":{"line":115,"column":1}},"30":{"start":{"line":110,"column":2},"end":{"line":114,"column":3}},"31":{"start":{"line":117,"column":19},"end":{"line":124,"column":1}},"32":{"start":{"line":118,"column":2},"end":{"line":123,"column":3}},"33":{"start":{"line":126,"column":16},"end":{"line":134,"column":1}},"34":{"start":{"line":127,"column":2},"end":{"line":133,"column":3}},"35":{"start":{"line":136,"column":20},"end":{"line":142,"column":1}},"36":{"start":{"line":137,"column":2},"end":{"line":141,"column":3}},"37":{"start":{"line":144,"column":22},"end":{"line":149,"column":1}},"38":{"start":{"line":145,"column":2},"end":{"line":148,"column":3}},"39":{"start":{"line":151,"column":19},"end":{"line":173,"column":1}},"40":{"start":{"line":152,"column":51},"end":{"line":152,"column":58}},"41":{"start":{"line":153,"column":16},"end":{"line":153,"column":20}},"42":{"start":{"line":154,"column":16},"end":{"line":154,"column":46}},"43":{"start":{"line":155,"column":2},"end":{"line":167,"column":3}},"44":{"start":{"line":156,"column":18},"end":{"line":156,"column":50}},"45":{"start":{"line":157,"column":20},"end":{"line":157,"column":44}},"46":{"start":{"line":158,"column":19},"end":{"line":158,"column":43}},"47":{"start":{"line":159,"column":23},"end":{"line":159,"column":86}},"48":{"start":{"line":160,"column":16},"end":{"line":160,"column":70}},"49":{"start":{"line":161,"column":17},"end":{"line":161,"column":71}},"50":{"start":{"line":162,"column":4},"end":{"line":166,"column":5}},"51":{"start":{"line":168,"column":2},"end":{"line":172,"column":3}},"52":{"start":{"line":175,"column":26},"end":{"line":190,"column":1}}},"fnMap":{"0":{"name":"(anonymous_0)","decl":{"start":{"line":5,"column":15},"end":{"line":5,"column":16}},"loc":{"start":{"line":5,"column":35},"end":{"line":31,"column":1}},"line":5},"1":{"name":"(anonymous_1)","decl":{"start":{"line":33,"column":20},"end":{"line":33,"column":21}},"loc":{"start":{"line":33,"column":40},"end":{"line":43,"column":1}},"line":33},"2":{"name":"(anonymous_2)","decl":{"start":{"line":45,"column":21},"end":{"line":45,"column":22}},"loc":{"start":{"line":45,"column":41},"end":{"line":51,"column":1}},"line":45},"3":{"name":"(anonymous_3)","decl":{"start":{"line":53,"column":18},"end":{"line":53,"column":19}},"loc":{"start":{"line":53,"column":38},"end":{"line":62,"column":1}},"line":53},"4":{"name":"(anonymous_4)","decl":{"start":{"line":64,"column":14},"end":{"line":64,"column":15}},"loc":{"start":{"line":64,"column":25},"end":{"line":71,"column":1}},"line":64},"5":{"name":"(anonymous_5)","decl":{"start":{"line":73,"column":15},"end":{"line":73,"column":16}},"loc":{"start":{"line":73,"column":35},"end":{"line":86,"column":1}},"line":73},"6":{"name":"(anonymous_6)","decl":{"start":{"line":88,"column":15},"end":{"line":88,"column":16}},"loc":{"start":{"line":88,"column":35},"end":{"line":99,"column":1}},"line":88},"7":{"name":"(anonymous_7)","decl":{"start":{"line":101,"column":15},"end":{"line":101,"column":16}},"loc":{"start":{"line":101,"column":26},"end":{"line":107,"column":1}},"line":101},"8":{"name":"(anonymous_8)","decl":{"start":{"line":109,"column":16},"end":{"line":109,"column":17}},"loc":{"start":{"line":109,"column":27},"end":{"line":115,"column":1}},"line":109},"9":{"name":"(anonymous_9)","decl":{"start":{"line":117,"column":19},"end":{"line":117,"column":20}},"loc":{"start":{"line":117,"column":39},"end":{"line":124,"column":1}},"line":117},"10":{"name":"(anonymous_10)","decl":{"start":{"line":126,"column":16},"end":{"line":126,"column":17}},"loc":{"start":{"line":126,"column":36},"end":{"line":134,"column":1}},"line":126},"11":{"name":"(anonymous_11)","decl":{"start":{"line":136,"column":20},"end":{"line":136,"column":21}},"loc":{"start":{"line":136,"column":31},"end":{"line":142,"column":1}},"line":136},"12":{"name":"(anonymous_12)","decl":{"start":{"line":144,"column":22},"end":{"line":144,"column":23}},"loc":{"start":{"line":144,"column":33},"end":{"line":149,"column":1}},"line":144},"13":{"name":"(anonymous_13)","decl":{"start":{"line":151,"column":19},"end":{"line":151,"column":20}},"loc":{"start":{"line":151,"column":39},"end":{"line":173,"column":1}},"line":151}},"branchMap":{"0":{"loc":{"start":{"line":11,"column":22},"end":{"line":11,"column":78}},"type":"binary-expr","locations":[{"start":{"line":11,"column":22},"end":{"line":11,"column":50}},{"start":{"line":11,"column":54},"end":{"line":11,"column":78}}],"line":11},"1":{"loc":{"start":{"line":14,"column":19},"end":{"line":14,"column":60}},"type":"binary-expr","locations":[{"start":{"line":14,"column":19},"end":{"line":14,"column":28}},{"start":{"line":14,"column":32},"end":{"line":14,"column":40}},{"start":{"line":14,"column":44},"end":{"line":14,"column":60}}],"line":14},"2":{"loc":{"start":{"line":16,"column":17},"end":{"line":16,"column":94}},"type":"binary-expr","locations":[{"start":{"line":16,"column":17},"end":{"line":16,"column":78}},{"start":{"line":16,"column":82},"end":{"line":16,"column":94}}],"line":16},"3":{"loc":{"start":{"line":19,"column":8},"end":{"line":19,"column":55}},"type":"binary-expr","locations":[{"start":{"line":19,"column":8},"end":{"line":19,"column":43}},{"start":{"line":19,"column":47},"end":{"line":19,"column":55}}],"line":19},"4":{"loc":{"start":{"line":27,"column":22},"end":{"line":27,"column":43}},"type":"binary-expr","locations":[{"start":{"line":27,"column":22},"end":{"line":27,"column":31}},{"start":{"line":27,"column":35},"end":{"line":27,"column":43}}],"line":27},"5":{"loc":{"start":{"line":155,"column":2},"end":{"line":167,"column":3}},"type":"if","locations":[{"start":{"line":155,"column":2},"end":{"line":167,"column":3}},{"start":{},"end":{}}],"line":155},"6":{"loc":{"start":{"line":160,"column":16},"end":{"line":160,"column":70}},"type":"cond-expr","locations":[{"start":{"line":160,"column":29},"end":{"line":160,"column":66}},{"start":{"line":160,"column":69},"end":{"line":160,"column":70}}],"line":160},"7":{"loc":{"start":{"line":161,"column":17},"end":{"line":161,"column":71}},"type":"cond-expr","locations":[{"start":{"line":161,"column":30},"end":{"line":161,"column":31}},{"start":{"line":161,"column":34},"end":{"line":161,"column":71}}],"line":161},"8":{"loc":{"start":{"line":163,"column":9},"end":{"line":163,"column":65}},"type":"cond-expr","locations":[{"start":{"line":163,"column":20},"end":{"line":163,"column":60}},{"start":{"line":163,"column":63},"end":{"line":163,"column":65}}],"line":163},"9":{"loc":{"start":{"line":164,"column":9},"end":{"line":164,"column":47}},"type":"cond-expr","locations":[{"start":{"line":164,"column":35},"end":{"line":164,"column":42}},{"start":{"line":164,"column":45},"end":{"line":164,"column":47}}],"line":164},"10":{"loc":{"start":{"line":164,"column":9},"end":{"line":164,"column":32}},"type":"binary-expr","locations":[{"start":{"line":164,"column":9},"end":{"line":164,"column":19}},{"start":{"line":164,"column":23},"end":{"line":164,"column":32}}],"line":164},"11":{"loc":{"start":{"line":165,"column":9},"end":{"line":165,"column":49}},"type":"cond-expr","locations":[{"start":{"line":165,"column":36},"end":{"line":165,"column":44}},{"start":{"line":165,"column":47},"end":{"line":165,"column":49}}],"line":165},"12":{"loc":{"start":{"line":165,"column":9},"end":{"line":165,"column":33}},"type":"binary-expr","locations":[{"start":{"line":165,"column":9},"end":{"line":165,"column":20}},{"start":{"line":165,"column":24},"end":{"line":165,"column":33}}],"line":165}},"s":{"0":4,"1":0,"2":0,"3":0,"4":0,"5":0,"6":0,"7":0,"8":0,"9":0,"10":0,"11":0,"12":0,"13":4,"14":0,"15":0,"16":0,"17":4,"18":0,"19":4,"20":0,"21":4,"22":0,"23":4,"24":0,"25":4,"26":0,"27":4,"28":0,"29":4,"30":0,"31":4,"32":0,"33":4,"34":0,"35":4,"36":0,"37":4,"38":0,"39":4,"40":0,"41":0,"42":0,"43":0,"44":0,"45":0,"46":0,"47":0,"48":0,"49":0,"50":0,"51":0,"52":4},"f":{"0":0,"1":0,"2":0,"3":0,"4":0,"5":0,"6":0,"7":0,"8":0,"9":0,"10":0,"11":0,"12":0,"13":0},"b":{"0":[0,0],"1":[0,0,0],"2":[0,0],"3":[0,0],"4":[0,0],"5":[0,0],"6":[0,0],"7":[0,0],"8":[0,0],"9":[0,0],"10":[0,0],"11":[0,0],"12":[0,0]},"_coverageSchema":"1a1c01bbd47fc00a2c39e90264f33305004495a9","hash":"eae72be66714ebc12292e68c079528de030d6b7a"}
,"/Users/danleech/Documents/projects/defra-map/src/js/store/viewport-provider.jsx": {"path":"/Users/danleech/Documents/projects/defra-map/src/js/store/viewport-provider.jsx","statementMap":{"0":{"start":{"line":4,"column":31},"end":{"line":4,"column":46}},"1":{"start":{"line":6,"column":32},"end":{"line":19,"column":1}},"2":{"start":{"line":7,"column":28},"end":{"line":7,"column":70}},"3":{"start":{"line":9,"column":16},"end":{"line":12,"column":5}},"4":{"start":{"line":9,"column":31},"end":{"line":12,"column":3}},"5":{"start":{"line":14,"column":2},"end":{"line":18,"column":3}}},"fnMap":{"0":{"name":"(anonymous_0)","decl":{"start":{"line":6,"column":32},"end":{"line":6,"column":33}},"loc":{"start":{"line":6,"column":59},"end":{"line":19,"column":1}},"line":6},"1":{"name":"(anonymous_1)","decl":{"start":{"line":9,"column":24},"end":{"line":9,"column":25}},"loc":{"start":{"line":9,"column":31},"end":{"line":12,"column":3}},"line":9}},"branchMap":{},"s":{"0":4,"1":4,"2":0,"3":0,"4":0,"5":0},"f":{"0":0,"1":0},"b":{},"_coverageSchema":"1a1c01bbd47fc00a2c39e90264f33305004495a9","hash":"319f79eaedb8af8a144c1c838cac99fb22c4c123"}
,"/Users/danleech/Documents/projects/defra-map/src/js/store/viewport-reducer.js": {"path":"/Users/danleech/Documents/projects/defra-map/src/js/store/viewport-reducer.js","statementMap":{"0":{"start":{"line":6,"column":16},"end":{"line":9,"column":1}},"1":{"start":{"line":7,"column":18},"end":{"line":7,"column":65}},"2":{"start":{"line":8,"column":2},"end":{"line":8,"column":68}},"3":{"start":{"line":11,"column":28},"end":{"line":40,"column":1}},"4":{"start":{"line":12,"column":40},"end":{"line":12,"column":47}},"5":{"start":{"line":13,"column":22},"end":{"line":13,"column":65}},"6":{"start":{"line":14,"column":13},"end":{"line":14,"column":34}},"7":{"start":{"line":15,"column":24},"end":{"line":15,"column":54}},"8":{"start":{"line":16,"column":21},"end":{"line":16,"column":62}},"9":{"start":{"line":17,"column":19},"end":{"line":17,"column":70}},"10":{"start":{"line":19,"column":2},"end":{"line":39,"column":3}},"11":{"start":{"line":42,"column":23},"end":{"line":51,"column":1}},"12":{"start":{"line":43,"column":28},"end":{"line":43,"column":34}},"13":{"start":{"line":44,"column":13},"end":{"line":44,"column":29}},"14":{"start":{"line":45,"column":2},"end":{"line":48,"column":3}},"15":{"start":{"line":46,"column":27},"end":{"line":46,"column":56}},"16":{"start":{"line":47,"column":4},"end":{"line":47,"column":27}},"17":{"start":{"line":50,"column":2},"end":{"line":50,"column":14}}},"fnMap":{"0":{"name":"(anonymous_0)","decl":{"start":{"line":6,"column":16},"end":{"line":6,"column":17}},"loc":{"start":{"line":6,"column":34},"end":{"line":9,"column":1}},"line":6},"1":{"name":"(anonymous_1)","decl":{"start":{"line":11,"column":28},"end":{"line":11,"column":29}},"loc":{"start":{"line":11,"column":41},"end":{"line":40,"column":1}},"line":11},"2":{"name":"(anonymous_2)","decl":{"start":{"line":42,"column":23},"end":{"line":42,"column":24}},"loc":{"start":{"line":42,"column":42},"end":{"line":51,"column":1}},"line":42}},"branchMap":{"0":{"loc":{"start":{"line":7,"column":31},"end":{"line":7,"column":56}},"type":"binary-expr","locations":[{"start":{"line":7,"column":31},"end":{"line":7,"column":43}},{"start":{"line":7,"column":47},"end":{"line":7,"column":56}}],"line":7},"1":{"loc":{"start":{"line":8,"column":9},"end":{"line":8,"column":68}},"type":"binary-expr","locations":[{"start":{"line":8,"column":10},"end":{"line":8,"column":17}},{"start":{"line":8,"column":21},"end":{"line":8,"column":56}},{"start":{"line":8,"column":61},"end":{"line":8,"column":68}}],"line":8},"2":{"loc":{"start":{"line":17,"column":19},"end":{"line":17,"column":70}},"type":"binary-expr","locations":[{"start":{"line":17,"column":19},"end":{"line":17,"column":23}},{"start":{"line":17,"column":28},"end":{"line":17,"column":69}}],"line":17},"3":{"loc":{"start":{"line":17,"column":28},"end":{"line":17,"column":69}},"type":"cond-expr","locations":[{"start":{"line":17,"column":45},"end":{"line":17,"column":49}},{"start":{"line":17,"column":52},"end":{"line":17,"column":69}}],"line":17},"4":{"loc":{"start":{"line":17,"column":28},"end":{"line":17,"column":42}},"type":"binary-expr","locations":[{"start":{"line":17,"column":28},"end":{"line":17,"column":34}},{"start":{"line":17,"column":38},"end":{"line":17,"column":42}}],"line":17},"5":{"loc":{"start":{"line":20,"column":10},"end":{"line":20,"column":30}},"type":"cond-expr","locations":[{"start":{"line":20,"column":15},"end":{"line":20,"column":19}},{"start":{"line":20,"column":22},"end":{"line":20,"column":30}}],"line":20},"6":{"loc":{"start":{"line":21,"column":12},"end":{"line":21,"column":49}},"type":"cond-expr","locations":[{"start":{"line":21,"column":17},"end":{"line":21,"column":32}},{"start":{"line":21,"column":35},"end":{"line":21,"column":49}}],"line":21},"7":{"loc":{"start":{"line":21,"column":35},"end":{"line":21,"column":49}},"type":"binary-expr","locations":[{"start":{"line":21,"column":35},"end":{"line":21,"column":41}},{"start":{"line":21,"column":45},"end":{"line":21,"column":49}}],"line":21},"8":{"loc":{"start":{"line":22,"column":10},"end":{"line":22,"column":43}},"type":"cond-expr","locations":[{"start":{"line":22,"column":15},"end":{"line":22,"column":28}},{"start":{"line":22,"column":31},"end":{"line":22,"column":43}}],"line":22},"9":{"loc":{"start":{"line":22,"column":31},"end":{"line":22,"column":43}},"type":"binary-expr","locations":[{"start":{"line":22,"column":31},"end":{"line":22,"column":35}},{"start":{"line":22,"column":39},"end":{"line":22,"column":43}}],"line":22},"10":{"loc":{"start":{"line":23,"column":11},"end":{"line":23,"column":28}},"type":"cond-expr","locations":[{"start":{"line":23,"column":16},"end":{"line":23,"column":20}},{"start":{"line":23,"column":23},"end":{"line":23,"column":28}}],"line":23},"11":{"loc":{"start":{"line":45,"column":2},"end":{"line":48,"column":3}},"type":"if","locations":[{"start":{"line":45,"column":2},"end":{"line":48,"column":3}},{"start":{},"end":{}}],"line":45}},"s":{"0":4,"1":0,"2":0,"3":4,"4":0,"5":0,"6":0,"7":0,"8":0,"9":0,"10":0,"11":4,"12":0,"13":0,"14":0,"15":0,"16":0,"17":0},"f":{"0":0,"1":0,"2":0},"b":{"0":[0,0],"1":[0,0,0],"2":[0,0],"3":[0,0],"4":[0,0],"5":[0,0],"6":[0,0],"7":[0,0],"8":[0,0],"9":[0,0],"10":[0,0],"11":[0,0]},"_coverageSchema":"1a1c01bbd47fc00a2c39e90264f33305004495a9","hash":"0de25baa1c8bbb107b31b5f91dddb782337d9fc8"}
}
