TN:
SF:src/js/components/attribution.jsx
FN:6,Attribution
FNF:1
FNH:1
FNDA:2,Attribution
DA:7,2
DA:8,2
DA:10,2
DA:11,2
DA:12,2
DA:14,2
LF:6
LH:6
BRDA:16,0,0,2
BRDA:16,0,1,0
BRDA:19,1,0,1
BRDA:19,1,1,1
BRF:4
BRH:3
end_of_record
TN:
SF:src/js/components/draw-edit.jsx
FN:4,DrawEdit
FN:7,(anonymous_1)
FN:12,(anonymous_2)
FNF:3
FNH:3
FNDA:2,DrawEdit
FNDA:1,(anonymous_1)
FNDA:1,(anonymous_2)
DA:5,2
DA:7,2
DA:8,1
DA:9,1
DA:12,2
DA:13,1
DA:14,1
DA:17,2
LF:8
LH:8
BRDA:19,0,0,1
BRDA:19,0,1,1
BRDA:29,1,0,1
BRDA:29,1,1,1
BRF:4
BRH:4
end_of_record
TN:
SF:src/js/components/draw-finish.jsx
FN:7,DrawFinish
FN:11,(anonymous_1)
FN:18,(anonymous_2)
FNF:3
FNH:3
FNDA:3,DrawFinish
FNDA:2,(anonymous_1)
FNDA:1,(anonymous_2)
DA:8,3
DA:9,3
DA:11,3
DA:12,2
DA:13,2
DA:14,2
DA:15,2
DA:18,3
DA:19,1
DA:20,1
DA:21,1
DA:22,1
DA:25,3
LF:13
LH:13
BRDA:28,0,0,1
BRDA:28,0,1,2
BRF:2
BRH:2
end_of_record
TN:
SF:src/js/components/draw.jsx
FN:8,Draw
FN:15,(anonymous_1)
FN:21,(anonymous_2)
FNF:3
FNH:2
FNDA:3,Draw
FNDA:3,(anonymous_1)
FNDA:0,(anonymous_2)
DA:9,3
DA:10,3
DA:12,3
DA:13,3
DA:15,3
DA:16,3
DA:17,3
DA:18,3
DA:21,3
DA:22,0
DA:23,0
DA:26,3
LF:12
LH:10
BRDA:12,0,0,3
BRDA:12,0,1,1
BRDA:12,0,2,1
BRDA:13,1,0,3
BRDA:13,1,1,0
BRDA:16,2,0,2
BRDA:16,2,1,1
BRDA:31,3,0,3
BRDA:31,3,1,0
BRDA:48,4,0,1
BRDA:48,4,1,2
BRDA:52,5,0,3
BRDA:52,5,1,1
BRF:13
BRH:11
end_of_record
TN:
SF:src/js/components/exit.jsx
FN:4,Exit
FN:9,(anonymous_1)
FNF:2
FNH:2
FNDA:2,Exit
FNDA:2,(anonymous_1)
DA:5,2
DA:7,2
DA:9,2
DA:10,2
DA:11,1
DA:12,1
DA:16,0
DA:20,1
DA:25,2
LF:9
LH:8
BRDA:7,0,0,2
BRDA:7,0,1,2
BRDA:10,1,0,1
BRDA:10,1,1,1
BRDA:11,2,0,1
BRDA:11,2,1,0
BRDA:27,3,0,1
BRDA:27,3,1,1
BRDA:27,4,0,1
BRDA:27,4,1,1
BRDA:30,5,0,1
BRDA:30,5,1,1
BRF:12
BRH:11
end_of_record
TN:
SF:src/js/components/help-button.jsx
FN:4,HelpButton
FN:7,(anonymous_1)
FNF:2
FNH:2
FNDA:3,HelpButton
FNDA:1,(anonymous_1)
DA:5,3
DA:7,3
DA:8,1
DA:11,3
LF:4
LH:4
BRDA:12,0,0,1
BRDA:12,0,1,2
BRF:2
BRH:2
end_of_record
TN:
SF:src/js/components/legend-button.jsx
FN:4,LegendButton
FN:7,(anonymous_1)
FNF:2
FNH:2
FNDA:3,LegendButton
FNDA:1,(anonymous_1)
DA:5,3
DA:7,3
DA:8,1
DA:11,3
LF:4
LH:4
BRDA:12,0,0,1
BRDA:12,0,1,2
BRDA:16,1,0,3
BRDA:16,1,1,1
BRF:4
BRH:4
end_of_record
TN:
SF:src/js/components/map-error.jsx
FN:4,MapError
FNF:1
FNH:1
FNDA:1,MapError
DA:5,1
DA:7,1
LF:2
LH:2
BRF:0
BRH:0
end_of_record
TN:
SF:src/js/components/more.jsx
FN:5,More
FN:9,(anonymous_1)
FNF:2
FNH:2
FNDA:3,More
FNDA:1,(anonymous_1)
DA:6,3
DA:7,3
DA:9,3
DA:10,1
DA:11,1
DA:12,1
DA:14,0
DA:15,0
DA:18,3
LF:9
LH:7
BRDA:11,0,0,1
BRDA:11,0,1,0
BRDA:20,1,0,2
BRDA:20,1,1,1
BRDA:20,2,0,3
BRDA:20,2,1,1
BRF:6
BRH:5
end_of_record
TN:
SF:src/js/components/os-maps-logos.jsx
FN:3,(anonymous_0)
FN:9,(anonymous_1)
FNF:2
FNH:2
FNDA:1,(anonymous_0)
FNDA:1,(anonymous_1)
DA:3,1
DA:4,1
DA:9,1
DA:10,1
LF:4
LH:4
BRF:0
BRH:0
end_of_record
TN:
SF:src/js/components/reset.jsx
FN:5,Reset
FN:11,(anonymous_1)
FN:18,(anonymous_2)
FNF:3
FNH:3
FNDA:3,Reset
FNDA:2,(anonymous_1)
FNDA:2,(anonymous_2)
DA:6,3
DA:7,3
DA:8,3
DA:9,3
DA:11,3
DA:12,2
DA:13,1
DA:15,1
DA:18,3
DA:19,2
DA:20,2
DA:21,2
DA:22,2
DA:25,3
LF:14
LH:14
BRDA:12,0,0,1
BRDA:12,0,1,1
BRDA:21,1,0,2
BRDA:21,1,1,2
BRDA:21,1,2,2
BRDA:21,1,3,2
BRDA:21,1,4,2
BRDA:21,2,0,2
BRDA:21,2,1,1
BRF:9
BRH:9
end_of_record
TN:
SF:src/js/lib/dom.js
FN:4,(anonymous_0)
FN:16,(anonymous_1)
FN:24,(anonymous_2)
FN:50,(anonymous_3)
FN:69,(anonymous_4)
FN:89,(anonymous_5)
FN:103,(anonymous_6)
FN:105,(anonymous_7)
FNF:8
FNH:5
FNDA:2,(anonymous_0)
FNDA:2,(anonymous_1)
FNDA:2,(anonymous_2)
FNDA:0,(anonymous_3)
FNDA:0,(anonymous_4)
FNDA:0,(anonymous_5)
FNDA:2,(anonymous_6)
FNDA:8,(anonymous_7)
DA:1,2
DA:2,2
DA:4,2
DA:5,2
DA:6,2
DA:7,2
DA:8,2
DA:9,2
DA:10,2
DA:11,2
DA:13,2
DA:16,2
DA:17,2
DA:18,2
DA:19,2
DA:20,2
DA:21,2
DA:24,2
DA:25,2
DA:26,2
DA:27,4
DA:28,4
DA:31,2
DA:33,2
DA:34,1
DA:37,1
DA:38,1
DA:39,1
DA:40,3
DA:41,0
DA:42,0
DA:44,3
DA:46,1
DA:50,2
DA:51,0
DA:53,0
DA:54,0
DA:55,0
DA:56,0
DA:57,0
DA:58,0
DA:59,0
DA:60,0
DA:62,0
DA:63,0
DA:66,0
DA:69,2
DA:70,0
DA:71,0
DA:74,0
DA:76,0
DA:77,0
DA:80,0
DA:88,0
DA:89,0
DA:90,0
DA:91,0
DA:93,0
DA:94,0
DA:95,0
DA:97,0
DA:98,0
DA:99,0
DA:103,2
DA:104,2
DA:105,8
DA:106,2
DA:107,2
LF:68
LH:38
BRDA:6,0,0,2
BRDA:6,0,1,1
BRDA:10,1,0,2
BRDA:10,1,1,1
BRDA:10,1,2,1
BRDA:10,1,3,0
BRDA:11,2,0,2
BRDA:11,2,1,1
BRDA:13,3,0,2
BRDA:13,3,1,2
BRDA:21,4,0,1
BRDA:21,4,1,1
BRDA:33,5,0,1
BRDA:33,5,1,1
BRDA:37,6,0,2
BRDA:37,6,1,2
BRDA:40,7,0,0
BRDA:40,7,1,3
BRDA:40,8,0,3
BRDA:40,8,1,1
BRDA:40,8,2,0
BRDA:54,9,0,0
BRDA:54,9,1,0
BRDA:58,10,0,0
BRDA:58,10,1,0
BRDA:58,10,2,0
BRDA:58,10,3,0
BRDA:58,10,4,0
BRDA:59,11,0,0
BRDA:59,11,1,0
BRDA:59,11,2,0
BRDA:60,12,0,0
BRDA:60,12,1,0
BRDA:62,13,0,0
BRDA:62,13,1,0
BRDA:70,14,0,0
BRDA:70,14,1,0
BRDA:76,15,0,0
BRDA:76,15,1,0
BRDA:93,16,0,0
BRDA:93,16,1,0
BRDA:93,17,0,0
BRDA:93,17,1,0
BRDA:93,17,2,0
BRDA:97,18,0,0
BRDA:97,18,1,0
BRDA:97,19,0,0
BRDA:97,19,1,0
BRDA:107,20,0,2
BRDA:107,20,1,1
BRDA:107,21,0,2
BRDA:107,21,1,0
BRF:52
BRH:21
end_of_record
TN:
SF:src/js/lib/eventbus.js
FN:2,(anonymous_0)
FN:3,(anonymous_1)
FN:5,(anonymous_2)
FN:8,(anonymous_3)
FNF:4
FNH:0
FNDA:0,(anonymous_0)
FNDA:0,(anonymous_1)
FNDA:0,(anonymous_2)
FNDA:0,(anonymous_3)
DA:1,2
DA:3,0
DA:6,0
DA:9,0
LF:4
LH:1
BRF:0
BRH:0
end_of_record
TN:
SF:src/js/lib/query.js
FN:4,(anonymous_0)
FN:14,(anonymous_1)
FN:15,(anonymous_2)
FN:16,(anonymous_3)
FN:25,(anonymous_4)
FN:32,(anonymous_5)
FN:32,(anonymous_6)
FN:33,(anonymous_7)
FN:33,(anonymous_8)
FN:41,(anonymous_9)
FN:43,(anonymous_10)
FN:44,(anonymous_11)
FN:54,(anonymous_12)
FN:55,(anonymous_13)
FN:56,(anonymous_14)
FN:80,(anonymous_15)
FN:86,(anonymous_16)
FNF:17
FNH:0
FNDA:0,(anonymous_0)
FNDA:0,(anonymous_1)
FNDA:0,(anonymous_2)
FNDA:0,(anonymous_3)
FNDA:0,(anonymous_4)
FNDA:0,(anonymous_5)
FNDA:0,(anonymous_6)
FNDA:0,(anonymous_7)
FNDA:0,(anonymous_8)
FNDA:0,(anonymous_9)
FNDA:0,(anonymous_10)
FNDA:0,(anonymous_11)
FNDA:0,(anonymous_12)
FNDA:0,(anonymous_13)
FNDA:0,(anonymous_14)
FNDA:0,(anonymous_15)
FNDA:0,(anonymous_16)
DA:4,10
DA:5,0
DA:6,0
DA:7,0
DA:8,0
DA:9,0
DA:11,0
DA:12,0
DA:13,0
DA:14,0
DA:15,0
DA:16,0
DA:17,0
DA:18,0
DA:22,0
DA:25,10
DA:26,0
DA:27,0
DA:28,0
DA:29,0
DA:30,0
DA:31,0
DA:32,0
DA:33,0
DA:34,0
DA:36,0
DA:38,0
DA:41,10
DA:43,0
DA:44,0
DA:45,0
DA:46,0
DA:47,0
DA:51,0
DA:52,0
DA:53,0
DA:54,0
DA:55,0
DA:56,0
DA:57,0
DA:58,0
DA:59,0
DA:60,0
DA:62,0
DA:63,0
DA:64,0
DA:65,0
DA:67,0
DA:73,0
DA:74,0
DA:80,0
DA:83,0
DA:86,10
DA:88,0
DA:89,0
DA:91,0
DA:92,0
DA:93,0
DA:98,0
DA:103,0
LF:60
LH:4
BRDA:6,0,0,0
BRDA:6,0,1,0
BRDA:8,1,0,0
BRDA:8,1,1,0
BRDA:16,2,0,0
BRDA:16,2,1,0
BRDA:17,3,0,0
BRDA:17,3,1,0
BRDA:17,4,0,0
BRDA:17,4,1,0
BRDA:18,5,0,0
BRDA:18,5,1,0
BRDA:27,6,0,0
BRDA:27,6,1,0
BRDA:29,7,0,0
BRDA:29,7,1,0
BRDA:32,8,0,0
BRDA:32,8,1,0
BRDA:34,9,0,0
BRDA:34,9,1,0
BRDA:44,10,0,0
BRDA:44,10,1,0
BRDA:45,11,0,0
BRDA:45,11,1,0
BRDA:46,12,0,0
BRDA:46,12,1,0
BRDA:47,13,0,0
BRDA:47,13,1,0
BRDA:47,13,2,0
BRDA:51,14,0,0
BRDA:51,14,1,0
BRDA:57,15,0,0
BRDA:57,15,1,0
BRDA:58,16,0,0
BRDA:58,16,1,0
BRDA:59,17,0,0
BRDA:59,17,1,0
BRDA:59,18,0,0
BRDA:59,18,1,0
BRDA:59,18,2,0
BRDA:59,18,3,0
BRDA:62,19,0,0
BRDA:62,19,1,0
BRDA:64,20,0,0
BRDA:64,20,1,0
BRDA:73,21,0,0
BRDA:73,21,1,0
BRDA:89,22,0,0
BRDA:89,22,1,0
BRDA:93,23,0,0
BRDA:93,23,1,0
BRDA:98,24,0,0
BRDA:98,24,1,0
BRDA:98,24,2,0
BRDA:98,24,3,0
BRF:55
BRH:0
end_of_record
TN:
SF:src/js/lib/utils.js
FN:1,(anonymous_0)
FN:9,(anonymous_1)
FN:13,(anonymous_2)
FN:18,(anonymous_3)
FNF:4
FNH:4
FNDA:2,(anonymous_0)
FNDA:1,(anonymous_1)
FNDA:1,(anonymous_2)
FNDA:1,(anonymous_3)
DA:1,15
DA:2,2
DA:3,2
DA:5,2
DA:9,15
DA:10,1
DA:13,15
DA:14,1
DA:15,1
DA:18,15
DA:19,1
DA:20,1
LF:12
LH:12
BRF:0
BRH:0
end_of_record
TN:
SF:src/js/lib/viewport.js
FN:3,(anonymous_0)
FN:18,(anonymous_1)
FN:35,(anonymous_2)
FN:41,(anonymous_3)
FN:56,(anonymous_4)
FN:71,(anonymous_5)
FN:76,(anonymous_6)
FN:79,(anonymous_7)
FN:80,(anonymous_8)
FN:81,(anonymous_9)
FN:89,(anonymous_10)
FN:90,(anonymous_11)
FN:96,(anonymous_12)
FN:102,(anonymous_13)
FN:121,(anonymous_14)
FN:147,(anonymous_15)
FN:159,(anonymous_16)
FN:171,(anonymous_17)
FN:172,(anonymous_18)
FN:175,(anonymous_19)
FN:179,(anonymous_20)
FN:192,(anonymous_21)
FN:198,(anonymous_22)
FN:207,(anonymous_23)
FN:214,(anonymous_24)
FNF:25
FNH:0
FNDA:0,(anonymous_0)
FNDA:0,(anonymous_1)
FNDA:0,(anonymous_2)
FNDA:0,(anonymous_3)
FNDA:0,(anonymous_4)
FNDA:0,(anonymous_5)
FNDA:0,(anonymous_6)
FNDA:0,(anonymous_7)
FNDA:0,(anonymous_8)
FNDA:0,(anonymous_9)
FNDA:0,(anonymous_10)
FNDA:0,(anonymous_11)
FNDA:0,(anonymous_12)
FNDA:0,(anonymous_13)
FNDA:0,(anonymous_14)
FNDA:0,(anonymous_15)
FNDA:0,(anonymous_16)
FNDA:0,(anonymous_17)
FNDA:0,(anonymous_18)
FNDA:0,(anonymous_19)
FNDA:0,(anonymous_20)
FNDA:0,(anonymous_21)
FNDA:0,(anonymous_22)
FNDA:0,(anonymous_23)
FNDA:0,(anonymous_24)
DA:3,4
DA:5,0
DA:6,0
DA:7,0
DA:8,0
DA:15,0
DA:18,4
DA:20,0
DA:21,0
DA:22,0
DA:23,0
DA:24,0
DA:32,0
DA:35,4
DA:36,0
DA:37,0
DA:38,0
DA:41,4
DA:43,0
DA:44,0
DA:45,0
DA:46,0
DA:47,0
DA:49,0
DA:50,0
DA:51,0
DA:53,0
DA:56,4
DA:57,0
DA:58,0
DA:59,0
DA:61,0
DA:62,0
DA:63,0
DA:64,0
DA:66,0
DA:68,0
DA:71,4
DA:72,0
DA:73,0
DA:74,0
DA:75,0
DA:76,0
DA:79,4
DA:80,0
DA:81,0
DA:82,0
DA:83,0
DA:84,0
DA:85,0
DA:86,0
DA:87,0
DA:88,0
DA:89,0
DA:90,0
DA:91,0
DA:92,0
DA:93,0
DA:96,4
DA:97,0
DA:98,0
DA:99,0
DA:102,4
DA:103,0
DA:104,0
DA:105,0
DA:107,0
DA:108,0
DA:109,0
DA:110,0
DA:111,0
DA:113,0
DA:114,0
DA:116,0
DA:118,0
DA:121,4
DA:122,0
DA:123,0
DA:125,0
DA:126,0
DA:127,0
DA:128,0
DA:129,0
DA:130,0
DA:131,0
DA:132,0
DA:138,0
DA:139,0
DA:141,0
DA:144,0
DA:147,4
DA:148,0
DA:149,0
DA:150,0
DA:151,0
DA:153,0
DA:156,0
DA:159,4
DA:161,0
DA:162,0
DA:163,0
DA:165,0
DA:168,0
DA:171,4
DA:172,0
DA:175,4
DA:176,0
DA:179,4
DA:180,0
DA:181,0
DA:182,0
DA:183,0
DA:184,0
DA:185,0
DA:187,0
DA:188,0
DA:189,0
DA:192,4
DA:193,0
DA:194,0
DA:195,0
DA:198,4
DA:199,0
DA:200,0
DA:201,0
DA:204,0
DA:207,4
DA:208,0
DA:209,0
DA:210,0
DA:211,0
DA:214,4
DA:215,0
DA:216,0
DA:217,0
LF:135
LH:19
BRDA:5,0,0,0
BRDA:5,0,1,0
BRDA:9,1,0,0
BRDA:9,1,1,0
BRDA:9,2,0,0
BRDA:9,2,1,0
BRDA:10,3,0,0
BRDA:10,3,1,0
BRDA:10,4,0,0
BRDA:10,4,1,0
BRDA:11,5,0,0
BRDA:11,5,1,0
BRDA:11,6,0,0
BRDA:11,6,1,0
BRDA:12,7,0,0
BRDA:12,7,1,0
BRDA:12,8,0,0
BRDA:12,8,1,0
BRDA:20,9,0,0
BRDA:20,9,1,0
BRDA:25,10,0,0
BRDA:25,10,1,0
BRDA:25,11,0,0
BRDA:25,11,1,0
BRDA:26,12,0,0
BRDA:26,12,1,0
BRDA:26,13,0,0
BRDA:26,13,1,0
BRDA:28,14,0,0
BRDA:28,14,1,0
BRDA:28,15,0,0
BRDA:28,15,1,0
BRDA:29,16,0,0
BRDA:29,16,1,0
BRDA:29,17,0,0
BRDA:29,17,1,0
BRDA:43,18,0,0
BRDA:43,18,1,0
BRDA:61,19,0,0
BRDA:61,19,1,0
BRDA:63,20,0,0
BRDA:63,20,1,0
BRDA:72,21,0,0
BRDA:72,21,1,0
BRDA:73,22,0,0
BRDA:73,22,1,0
BRDA:74,23,0,0
BRDA:74,23,1,0
BRDA:75,24,0,0
BRDA:75,24,1,0
BRDA:76,25,0,0
BRDA:76,25,1,0
BRDA:80,26,0,0
BRDA:80,26,1,0
BRDA:81,27,0,0
BRDA:81,27,1,0
BRDA:91,28,0,0
BRDA:91,28,1,0
BRDA:92,29,0,0
BRDA:92,29,1,0
BRDA:93,30,0,0
BRDA:93,30,1,0
BRDA:93,31,0,0
BRDA:93,31,1,0
BRDA:105,32,0,0
BRDA:105,32,1,0
BRDA:105,32,2,0
BRDA:105,33,0,0
BRDA:105,33,1,0
BRDA:107,34,0,0
BRDA:107,34,1,0
BRDA:108,35,0,0
BRDA:108,35,1,0
BRDA:108,36,0,0
BRDA:108,36,1,0
BRDA:110,37,0,0
BRDA:110,37,1,0
BRDA:113,38,0,0
BRDA:113,38,1,0
BRDA:125,39,0,0
BRDA:125,39,1,0
BRDA:126,40,0,0
BRDA:126,40,1,0
BRDA:127,41,0,0
BRDA:127,41,1,0
BRDA:129,42,0,0
BRDA:129,42,1,0
BRDA:131,43,0,0
BRDA:131,43,1,0
BRDA:138,44,0,0
BRDA:138,44,1,0
BRDA:144,45,0,0
BRDA:144,45,1,0
BRDA:149,46,0,0
BRDA:149,46,1,0
BRDA:149,47,0,0
BRDA:149,47,1,0
BRDA:150,48,0,0
BRDA:150,48,1,0
BRDA:161,49,0,0
BRDA:161,49,1,0
BRDA:162,50,0,0
BRDA:162,50,1,0
BRDA:183,51,0,0
BRDA:183,51,1,0
BRDA:184,52,0,0
BRDA:184,52,1,0
BRDA:184,53,0,0
BRDA:184,53,1,0
BRDA:188,54,0,0
BRDA:188,54,1,0
BRDA:189,55,0,0
BRDA:189,55,1,0
BRDA:193,56,0,0
BRDA:193,56,1,0
BRDA:194,57,0,0
BRDA:194,57,1,0
BRDA:195,58,0,0
BRDA:195,58,1,0
BRDA:200,59,0,0
BRDA:200,59,1,0
BRDA:201,60,0,0
BRDA:201,60,1,0
BRDA:202,61,0,0
BRDA:202,61,1,0
BRDA:210,62,0,0
BRDA:210,62,1,0
BRF:127
BRH:0
end_of_record
TN:
SF:src/js/store/app-actions-map.js
FN:1,(anonymous_0)
FN:8,(anonymous_1)
FN:15,(anonymous_2)
FN:30,(anonymous_3)
FN:38,(anonymous_4)
FN:48,(anonymous_5)
FN:60,(anonymous_6)
FN:72,(anonymous_7)
FN:88,(anonymous_8)
FN:95,(anonymous_9)
FN:103,(anonymous_10)
FN:110,(anonymous_11)
FN:121,(anonymous_12)
FN:131,(anonymous_13)
FN:138,(anonymous_14)
FNF:15
FNH:0
FNDA:0,(anonymous_0)
FNDA:0,(anonymous_1)
FNDA:0,(anonymous_2)
FNDA:0,(anonymous_3)
FNDA:0,(anonymous_4)
FNDA:0,(anonymous_5)
FNDA:0,(anonymous_6)
FNDA:0,(anonymous_7)
FNDA:0,(anonymous_8)
FNDA:0,(anonymous_9)
FNDA:0,(anonymous_10)
FNDA:0,(anonymous_11)
FNDA:0,(anonymous_12)
FNDA:0,(anonymous_13)
FNDA:0,(anonymous_14)
DA:1,10
DA:2,0
DA:8,10
DA:9,0
DA:15,10
DA:17,0
DA:18,0
DA:19,0
DA:20,0
DA:21,0
DA:30,10
DA:31,0
DA:38,10
DA:39,0
DA:48,10
DA:49,0
DA:60,10
DA:61,0
DA:72,10
DA:74,0
DA:75,0
DA:77,0
DA:78,0
DA:88,10
DA:89,0
DA:95,10
DA:96,0
DA:103,10
DA:104,0
DA:110,10
DA:111,0
DA:121,10
DA:122,0
DA:131,10
DA:132,0
DA:138,10
DA:139,0
DA:140,0
DA:146,10
LF:39
LH:16
BRDA:17,0,0,0
BRDA:17,0,1,0
BRDA:17,0,2,0
BRDA:18,1,0,0
BRDA:18,1,1,0
BRDA:19,2,0,0
BRDA:19,2,1,0
BRDA:20,3,0,0
BRDA:20,3,1,0
BRDA:43,4,0,0
BRDA:43,4,1,0
BRDA:67,5,0,0
BRDA:67,5,1,0
BRDA:68,6,0,0
BRDA:68,6,1,0
BRDA:74,7,0,0
BRDA:74,7,1,0
BRDA:75,8,0,0
BRDA:75,8,1,0
BRDA:77,9,0,0
BRDA:77,9,1,0
BRDA:99,10,0,0
BRDA:99,10,1,0
BRDA:113,11,0,0
BRDA:113,11,1,0
BRDA:114,12,0,0
BRDA:114,12,1,0
BRDA:139,13,0,0
BRDA:139,13,1,0
BRDA:139,13,2,0
BRDA:139,13,3,0
BRF:31
BRH:0
end_of_record
TN:
SF:src/js/store/app-provider.jsx
FN:6,(anonymous_0)
FN:9,(anonymous_1)
FNF:2
FNH:0
FNDA:0,(anonymous_0)
FNDA:0,(anonymous_1)
DA:4,10
DA:6,10
DA:7,0
DA:9,0
DA:16,0
LF:5
LH:2
BRF:0
BRH:0
end_of_record
TN:
SF:src/js/store/app-reducer.js
FN:4,(anonymous_0)
FN:40,(anonymous_1)
FNF:2
FNH:0
FNDA:0,(anonymous_0)
FNDA:0,(anonymous_1)
DA:4,10
DA:5,0
DA:7,0
DA:10,0
DA:11,0
DA:12,0
DA:13,0
DA:15,0
DA:18,0
DA:40,10
DA:41,0
DA:42,0
DA:43,0
DA:44,0
DA:45,0
DA:48,0
LF:16
LH:2
BRDA:10,0,0,0
BRDA:10,0,1,0
BRDA:10,1,0,0
BRDA:10,1,1,0
BRDA:10,1,2,0
BRDA:12,2,0,0
BRDA:12,2,1,0
BRDA:13,3,0,0
BRDA:13,3,1,0
BRDA:24,4,0,0
BRDA:24,4,1,0
BRDA:25,5,0,0
BRDA:25,5,1,0
BRDA:27,6,0,0
BRDA:27,6,1,0
BRDA:43,7,0,0
BRDA:43,7,1,0
BRF:17
BRH:0
end_of_record
TN:
SF:src/js/store/capabilities.js
FN:5,(anonymous_0)
FN:15,(anonymous_1)
FNF:2
FNH:0
FNDA:0,(anonymous_0)
FNDA:0,(anonymous_1)
DA:1,4
DA:6,0
DA:7,0
DA:9,0
DA:16,0
LF:5
LH:1
BRF:0
BRH:0
end_of_record
TN:
SF:src/js/store/constants.js
FNF:0
FNH:0
DA:1,16
DA:19,16
DA:24,16
DA:73,16
DA:89,16
DA:95,16
LF:6
LH:6
BRF:0
BRH:0
end_of_record
TN:
SF:src/js/store/use-app.js
FN:5,(anonymous_0)
FNF:1
FNH:0
FNDA:0,(anonymous_0)
DA:5,10
LF:1
LH:1
BRF:0
BRH:0
end_of_record
TN:
SF:src/js/store/use-viewport.js
FN:5,(anonymous_0)
FNF:1
FNH:0
FNDA:0,(anonymous_0)
DA:5,4
LF:1
LH:1
BRF:0
BRH:0
end_of_record
TN:
SF:src/js/store/viewport-actions-map.js
FN:5,(anonymous_0)
FN:33,(anonymous_1)
FN:45,(anonymous_2)
FN:53,(anonymous_3)
FN:64,(anonymous_4)
FN:73,(anonymous_5)
FN:88,(anonymous_6)
FN:101,(anonymous_7)
FN:109,(anonymous_8)
FN:117,(anonymous_9)
FN:126,(anonymous_10)
FN:136,(anonymous_11)
FN:144,(anonymous_12)
FN:151,(anonymous_13)
FNF:14
FNH:0
FNDA:0,(anonymous_0)
FNDA:0,(anonymous_1)
FNDA:0,(anonymous_2)
FNDA:0,(anonymous_3)
FNDA:0,(anonymous_4)
FNDA:0,(anonymous_5)
FNDA:0,(anonymous_6)
FNDA:0,(anonymous_7)
FNDA:0,(anonymous_8)
FNDA:0,(anonymous_9)
FNDA:0,(anonymous_10)
FNDA:0,(anonymous_11)
FNDA:0,(anonymous_12)
FNDA:0,(anonymous_13)
DA:5,4
DA:6,0
DA:7,0
DA:8,0
DA:9,0
DA:10,0
DA:11,0
DA:12,0
DA:13,0
DA:14,0
DA:15,0
DA:16,0
DA:17,0
DA:33,4
DA:34,0
DA:35,0
DA:36,0
DA:45,4
DA:46,0
DA:53,4
DA:54,0
DA:64,4
DA:65,0
DA:73,4
DA:74,0
DA:88,4
DA:89,0
DA:101,4
DA:102,0
DA:109,4
DA:110,0
DA:117,4
DA:118,0
DA:126,4
DA:127,0
DA:136,4
DA:137,0
DA:144,4
DA:145,0
DA:151,4
DA:152,0
DA:153,0
DA:154,0
DA:155,0
DA:156,0
DA:157,0
DA:158,0
DA:159,0
DA:160,0
DA:161,0
DA:162,0
DA:168,0
DA:175,4
LF:53
LH:15
BRDA:11,0,0,0
BRDA:11,0,1,0
BRDA:14,1,0,0
BRDA:14,1,1,0
BRDA:14,1,2,0
BRDA:16,2,0,0
BRDA:16,2,1,0
BRDA:19,3,0,0
BRDA:19,3,1,0
BRDA:27,4,0,0
BRDA:27,4,1,0
BRDA:155,5,0,0
BRDA:155,5,1,0
BRDA:160,6,0,0
BRDA:160,6,1,0
BRDA:161,7,0,0
BRDA:161,7,1,0
BRDA:163,8,0,0
BRDA:163,8,1,0
BRDA:164,9,0,0
BRDA:164,9,1,0
BRDA:164,10,0,0
BRDA:164,10,1,0
BRDA:165,11,0,0
BRDA:165,11,1,0
BRDA:165,12,0,0
BRDA:165,12,1,0
BRF:27
BRH:0
end_of_record
TN:
SF:src/js/store/viewport-provider.jsx
FN:6,(anonymous_0)
FN:9,(anonymous_1)
FNF:2
FNH:0
FNDA:0,(anonymous_0)
FNDA:0,(anonymous_1)
DA:4,4
DA:6,4
DA:7,0
DA:9,0
DA:14,0
LF:5
LH:2
BRF:0
BRH:0
end_of_record
TN:
SF:src/js/store/viewport-reducer.js
FN:6,(anonymous_0)
FN:11,(anonymous_1)
FN:42,(anonymous_2)
FNF:3
FNH:0
FNDA:0,(anonymous_0)
FNDA:0,(anonymous_1)
FNDA:0,(anonymous_2)
DA:6,4
DA:7,0
DA:8,0
DA:11,4
DA:12,0
DA:13,0
DA:14,0
DA:15,0
DA:16,0
DA:17,0
DA:19,0
DA:42,4
DA:43,0
DA:44,0
DA:45,0
DA:46,0
DA:47,0
DA:50,0
LF:18
LH:3
BRDA:7,0,0,0
BRDA:7,0,1,0
BRDA:8,1,0,0
BRDA:8,1,1,0
BRDA:8,1,2,0
BRDA:17,2,0,0
BRDA:17,2,1,0
BRDA:17,3,0,0
BRDA:17,3,1,0
BRDA:17,4,0,0
BRDA:17,4,1,0
BRDA:20,5,0,0
BRDA:20,5,1,0
BRDA:21,6,0,0
BRDA:21,6,1,0
BRDA:21,7,0,0
BRDA:21,7,1,0
BRDA:22,8,0,0
BRDA:22,8,1,0
BRDA:22,9,0,0
BRDA:22,9,1,0
BRDA:23,10,0,0
BRDA:23,10,1,0
BRDA:45,11,0,0
BRDA:45,11,1,0
BRF:25
BRH:0
end_of_record
